ERROR - 2022-02-03 18:06:45 --> Cannot add or update a child row: a foreign key constraint fails (`db_datehunter`.`tb_product`, CONSTRAINT `fk_tb_product` FOREIGN KEY (`id_user`) REFERENCES `tb_user` (`id_user`) ON DELETE NO ACTION ON UPDATE NO ACTION)
CRITICAL - 2022-02-03 18:06:45 --> Cannot add or update a child row: a foreign key constraint fails (`db_datehunter`.`tb_product`, CONSTRAINT `fk_tb_product` FOREIGN KEY (`id_user`) REFERENCES `tb_user` (`id_user`) ON DELETE NO ACTION ON UPDATE NO ACTION)
#0 C:\wamp64\www\datehunter777\system\Database\MySQLi\Connection.php(292): mysqli->query('INSERT INTO `tb...', 0)
#1 C:\wamp64\www\datehunter777\system\Database\BaseConnection.php(670): CodeIgniter\Database\MySQLi\Connection->execute('INSERT INTO `tb...')
#2 C:\wamp64\www\datehunter777\system\Database\BaseConnection.php(598): CodeIgniter\Database\BaseConnection->simpleQuery('INSERT INTO `tb...')
#3 C:\wamp64\www\datehunter777\system\Database\BaseBuilder.php(1771): CodeIgniter\Database\BaseConnection->query('INSERT INTO `tb...', Array, false)
#4 C:\wamp64\www\datehunter777\system\Model.php(239): CodeIgniter\Database\BaseBuilder->insert()
#5 C:\wamp64\www\datehunter777\system\BaseModel.php(738): CodeIgniter\Model->doInsert(Array)
#6 C:\wamp64\www\datehunter777\system\Model.php(625): CodeIgniter\BaseModel->insert(Array, true)
#7 C:\wamp64\www\datehunter777\app\Controllers\Dashboard.php(117): CodeIgniter\Model->insert(Array)
#8 C:\wamp64\www\datehunter777\system\CodeIgniter.php(825): App\Controllers\Dashboard->inserir()
#9 C:\wamp64\www\datehunter777\system\CodeIgniter.php(412): CodeIgniter\CodeIgniter->runController(Object(App\Controllers\Dashboard))
#10 C:\wamp64\www\datehunter777\system\CodeIgniter.php(320): CodeIgniter\CodeIgniter->handleRequest(NULL, Object(Config\Cache), false)
#11 C:\wamp64\www\datehunter777\public\index.php(37): CodeIgniter\CodeIgniter->run()
#12 {main}
ERROR - 2022-02-03 18:09:15 --> Cannot add or update a child row: a foreign key constraint fails (`db_datehunter`.`tb_product`, CONSTRAINT `fk_tb_product` FOREIGN KEY (`id_user`) REFERENCES `tb_user` (`id_user`) ON DELETE NO ACTION ON UPDATE NO ACTION)
CRITICAL - 2022-02-03 18:09:15 --> Cannot add or update a child row: a foreign key constraint fails (`db_datehunter`.`tb_product`, CONSTRAINT `fk_tb_product` FOREIGN KEY (`id_user`) REFERENCES `tb_user` (`id_user`) ON DELETE NO ACTION ON UPDATE NO ACTION)
#0 C:\wamp64\www\datehunter777\system\Database\MySQLi\Connection.php(292): mysqli->query('INSERT INTO `tb...', 0)
#1 C:\wamp64\www\datehunter777\system\Database\BaseConnection.php(670): CodeIgniter\Database\MySQLi\Connection->execute('INSERT INTO `tb...')
#2 C:\wamp64\www\datehunter777\system\Database\BaseConnection.php(598): CodeIgniter\Database\BaseConnection->simpleQuery('INSERT INTO `tb...')
#3 C:\wamp64\www\datehunter777\system\Database\BaseBuilder.php(1771): CodeIgniter\Database\BaseConnection->query('INSERT INTO `tb...', Array, false)
#4 C:\wamp64\www\datehunter777\system\Model.php(239): CodeIgniter\Database\BaseBuilder->insert()
#5 C:\wamp64\www\datehunter777\system\BaseModel.php(738): CodeIgniter\Model->doInsert(Array)
#6 C:\wamp64\www\datehunter777\system\Model.php(625): CodeIgniter\BaseModel->insert(Array, true)
#7 C:\wamp64\www\datehunter777\app\Controllers\Dashboard.php(117): CodeIgniter\Model->insert(Array)
#8 C:\wamp64\www\datehunter777\system\CodeIgniter.php(825): App\Controllers\Dashboard->inserir()
#9 C:\wamp64\www\datehunter777\system\CodeIgniter.php(412): CodeIgniter\CodeIgniter->runController(Object(App\Controllers\Dashboard))
#10 C:\wamp64\www\datehunter777\system\CodeIgniter.php(320): CodeIgniter\CodeIgniter->handleRequest(NULL, Object(Config\Cache), false)
#11 C:\wamp64\www\datehunter777\public\index.php(37): CodeIgniter\CodeIgniter->run()
#12 {main}
CRITICAL - 2022-02-03 18:19:54 --> syntax error, unexpected ')'
#0 C:\wamp64\www\datehunter777\system\View\View.php(213): CodeIgniter\View\View->CodeIgniter\View\{closure}()
#1 C:\wamp64\www\datehunter777\system\Common.php(1089): CodeIgniter\View\View->render('dashboard_view', Array, true)
#2 C:\wamp64\www\datehunter777\app\Controllers\Dashboard.php(67): view('dashboard_view', Array)
#3 C:\wamp64\www\datehunter777\system\CodeIgniter.php(825): App\Controllers\Dashboard->index()
#4 C:\wamp64\www\datehunter777\system\CodeIgniter.php(412): CodeIgniter\CodeIgniter->runController(Object(App\Controllers\Dashboard))
#5 C:\wamp64\www\datehunter777\system\CodeIgniter.php(320): CodeIgniter\CodeIgniter->handleRequest(NULL, Object(Config\Cache), false)
#6 C:\wamp64\www\datehunter777\public\index.php(37): CodeIgniter\CodeIgniter->run()
#7 {main}
CRITICAL - 2022-02-03 18:55:31 --> A non well formed numeric value encountered
#0 [internal function]: CodeIgniter\Debug\Exceptions->errorHandler(8, 'A non well form...', 'C:\\wamp64\\www\\d...', 47, Array)
#1 C:\wamp64\www\datehunter777\app\Controllers\Dashboard.php(47): date('d-m-Y', '2022-02-06')
#2 C:\wamp64\www\datehunter777\system\CodeIgniter.php(825): App\Controllers\Dashboard->index()
#3 C:\wamp64\www\datehunter777\system\CodeIgniter.php(412): CodeIgniter\CodeIgniter->runController(Object(App\Controllers\Dashboard))
#4 C:\wamp64\www\datehunter777\system\CodeIgniter.php(320): CodeIgniter\CodeIgniter->handleRequest(NULL, Object(Config\Cache), false)
#5 C:\wamp64\www\datehunter777\public\index.php(37): CodeIgniter\CodeIgniter->run()
#6 {main}
