CRITICAL - 2022-01-27 05:12:33 --> Undefined variable: title
#0 C:\wamp64\www\datehunter777\app\Views\form_product_view.php(13): CodeIgniter\Debug\Exceptions->errorHandler(8, 'Undefined varia...', 'C:\\wamp64\\www\\d...', 13, Array)
#1 C:\wamp64\www\datehunter777\system\View\View.php(210): include('C:\\wamp64\\www\\d...')
#2 C:\wamp64\www\datehunter777\system\View\View.php(213): CodeIgniter\View\View->CodeIgniter\View\{closure}()
#3 C:\wamp64\www\datehunter777\system\Common.php(1089): CodeIgniter\View\View->render('form_product_vi...', Array, true)
#4 C:\wamp64\www\datehunter777\app\Controllers\Dashboard.php(63): view('form_product_vi...')
#5 C:\wamp64\www\datehunter777\system\CodeIgniter.php(825): App\Controllers\Dashboard->inserir()
#6 C:\wamp64\www\datehunter777\system\CodeIgniter.php(412): CodeIgniter\CodeIgniter->runController(Object(App\Controllers\Dashboard))
#7 C:\wamp64\www\datehunter777\system\CodeIgniter.php(320): CodeIgniter\CodeIgniter->handleRequest(NULL, Object(Config\Cache), false)
#8 C:\wamp64\www\datehunter777\public\index.php(37): CodeIgniter\CodeIgniter->run()
#9 {main}
CRITICAL - 2022-01-27 05:19:09 --> syntax error, unexpected '<', expecting end of file
#0 C:\wamp64\www\datehunter777\system\View\View.php(213): CodeIgniter\View\View->CodeIgniter\View\{closure}()
#1 C:\wamp64\www\datehunter777\system\Common.php(1089): CodeIgniter\View\View->render('form_product_vi...', Array, true)
#2 C:\wamp64\www\datehunter777\app\Controllers\Dashboard.php(77): view('form_product_vi...', Array)
#3 C:\wamp64\www\datehunter777\system\CodeIgniter.php(825): App\Controllers\Dashboard->inserir()
#4 C:\wamp64\www\datehunter777\system\CodeIgniter.php(412): CodeIgniter\CodeIgniter->runController(Object(App\Controllers\Dashboard))
#5 C:\wamp64\www\datehunter777\system\CodeIgniter.php(320): CodeIgniter\CodeIgniter->handleRequest(NULL, Object(Config\Cache), false)
#6 C:\wamp64\www\datehunter777\public\index.php(37): CodeIgniter\CodeIgniter->run()
#7 {main}
CRITICAL - 2022-01-27 05:19:30 --> A non well formed numeric value encountered
#0 C:\wamp64\www\datehunter777\app\Views\form_product_view.php(22): CodeIgniter\Debug\Exceptions->errorHandler(8, 'A non well form...', 'C:\\wamp64\\www\\d...', 22, Array)
#1 C:\wamp64\www\datehunter777\system\View\View.php(210): include('C:\\wamp64\\www\\d...')
#2 C:\wamp64\www\datehunter777\system\View\View.php(213): CodeIgniter\View\View->CodeIgniter\View\{closure}()
#3 C:\wamp64\www\datehunter777\system\Common.php(1089): CodeIgniter\View\View->render('form_product_vi...', Array, true)
#4 C:\wamp64\www\datehunter777\app\Controllers\Dashboard.php(77): view('form_product_vi...', Array)
#5 C:\wamp64\www\datehunter777\system\CodeIgniter.php(825): App\Controllers\Dashboard->inserir()
#6 C:\wamp64\www\datehunter777\system\CodeIgniter.php(412): CodeIgniter\CodeIgniter->runController(Object(App\Controllers\Dashboard))
#7 C:\wamp64\www\datehunter777\system\CodeIgniter.php(320): CodeIgniter\CodeIgniter->handleRequest(NULL, Object(Config\Cache), false)
#8 C:\wamp64\www\datehunter777\public\index.php(37): CodeIgniter\CodeIgniter->run()
#9 {main}
CRITICAL - 2022-01-27 05:19:51 --> A non well formed numeric value encountered
#0 C:\wamp64\www\datehunter777\app\Views\form_product_view.php(22): CodeIgniter\Debug\Exceptions->errorHandler(8, 'A non well form...', 'C:\\wamp64\\www\\d...', 22, Array)
#1 C:\wamp64\www\datehunter777\system\View\View.php(210): include('C:\\wamp64\\www\\d...')
#2 C:\wamp64\www\datehunter777\system\View\View.php(213): CodeIgniter\View\View->CodeIgniter\View\{closure}()
#3 C:\wamp64\www\datehunter777\system\Common.php(1089): CodeIgniter\View\View->render('form_product_vi...', Array, true)
#4 C:\wamp64\www\datehunter777\app\Controllers\Dashboard.php(77): view('form_product_vi...', Array)
#5 C:\wamp64\www\datehunter777\system\CodeIgniter.php(825): App\Controllers\Dashboard->inserir()
#6 C:\wamp64\www\datehunter777\system\CodeIgniter.php(412): CodeIgniter\CodeIgniter->runController(Object(App\Controllers\Dashboard))
#7 C:\wamp64\www\datehunter777\system\CodeIgniter.php(320): CodeIgniter\CodeIgniter->handleRequest(NULL, Object(Config\Cache), false)
#8 C:\wamp64\www\datehunter777\public\index.php(37): CodeIgniter\CodeIgniter->run()
#9 {main}
CRITICAL - 2022-01-27 07:29:53 --> Undefined variable: teste
#0 C:\wamp64\www\datehunter777\app\Views\dashboard_view.php(18): CodeIgniter\Debug\Exceptions->errorHandler(8, 'Undefined varia...', 'C:\\wamp64\\www\\d...', 18, Array)
#1 C:\wamp64\www\datehunter777\system\View\View.php(210): include('C:\\wamp64\\www\\d...')
#2 C:\wamp64\www\datehunter777\system\View\View.php(213): CodeIgniter\View\View->CodeIgniter\View\{closure}()
#3 C:\wamp64\www\datehunter777\system\Common.php(1089): CodeIgniter\View\View->render('dashboard_view', Array, true)
#4 C:\wamp64\www\datehunter777\app\Controllers\Dashboard.php(31): view('dashboard_view', Array)
#5 C:\wamp64\www\datehunter777\system\CodeIgniter.php(825): App\Controllers\Dashboard->index()
#6 C:\wamp64\www\datehunter777\system\CodeIgniter.php(412): CodeIgniter\CodeIgniter->runController(Object(App\Controllers\Dashboard))
#7 C:\wamp64\www\datehunter777\system\CodeIgniter.php(320): CodeIgniter\CodeIgniter->handleRequest(NULL, Object(Config\Cache), false)
#8 C:\wamp64\www\datehunter777\public\index.php(37): CodeIgniter\CodeIgniter->run()
#9 {main}
CRITICAL - 2022-01-27 09:09:55 --> in_array() expects parameter 2 to be array, string given
#0 [internal function]: CodeIgniter\Debug\Exceptions->errorHandler(2, 'in_array() expe...', 'C:\\wamp64\\www\\d...', 33, Array)
#1 C:\wamp64\www\datehunter777\app\Controllers\Dashboard.php(33): in_array('2022-01-27', '31')
#2 C:\wamp64\www\datehunter777\system\CodeIgniter.php(825): App\Controllers\Dashboard->index()
#3 C:\wamp64\www\datehunter777\system\CodeIgniter.php(412): CodeIgniter\CodeIgniter->runController(Object(App\Controllers\Dashboard))
#4 C:\wamp64\www\datehunter777\system\CodeIgniter.php(320): CodeIgniter\CodeIgniter->handleRequest(NULL, Object(Config\Cache), false)
#5 C:\wamp64\www\datehunter777\public\index.php(37): CodeIgniter\CodeIgniter->run()
#6 {main}
CRITICAL - 2022-01-27 09:11:30 --> in_array() expects parameter 2 to be array, string given
#0 [internal function]: CodeIgniter\Debug\Exceptions->errorHandler(2, 'in_array() expe...', 'C:\\wamp64\\www\\d...', 33, Array)
#1 C:\wamp64\www\datehunter777\app\Controllers\Dashboard.php(33): in_array('2022-01-27', '31')
#2 C:\wamp64\www\datehunter777\system\CodeIgniter.php(825): App\Controllers\Dashboard->index()
#3 C:\wamp64\www\datehunter777\system\CodeIgniter.php(412): CodeIgniter\CodeIgniter->runController(Object(App\Controllers\Dashboard))
#4 C:\wamp64\www\datehunter777\system\CodeIgniter.php(320): CodeIgniter\CodeIgniter->handleRequest(NULL, Object(Config\Cache), false)
#5 C:\wamp64\www\datehunter777\public\index.php(37): CodeIgniter\CodeIgniter->run()
#6 {main}
CRITICAL - 2022-01-27 09:17:41 --> in_array() expects parameter 2 to be array, string given
#0 [internal function]: CodeIgniter\Debug\Exceptions->errorHandler(2, 'in_array() expe...', 'C:\\wamp64\\www\\d...', 33, Array)
#1 C:\wamp64\www\datehunter777\app\Controllers\Dashboard.php(33): in_array('2022-01-27', '9')
#2 C:\wamp64\www\datehunter777\system\CodeIgniter.php(825): App\Controllers\Dashboard->index()
#3 C:\wamp64\www\datehunter777\system\CodeIgniter.php(412): CodeIgniter\CodeIgniter->runController(Object(App\Controllers\Dashboard))
#4 C:\wamp64\www\datehunter777\system\CodeIgniter.php(320): CodeIgniter\CodeIgniter->handleRequest(NULL, Object(Config\Cache), false)
#5 C:\wamp64\www\datehunter777\public\index.php(37): CodeIgniter\CodeIgniter->run()
#6 {main}
CRITICAL - 2022-01-27 09:19:08 --> Undefined variable: teste
#0 C:\wamp64\www\datehunter777\app\Views\dashboard_view.php(18): CodeIgniter\Debug\Exceptions->errorHandler(8, 'Undefined varia...', 'C:\\wamp64\\www\\d...', 18, Array)
#1 C:\wamp64\www\datehunter777\system\View\View.php(210): include('C:\\wamp64\\www\\d...')
#2 C:\wamp64\www\datehunter777\system\View\View.php(213): CodeIgniter\View\View->CodeIgniter\View\{closure}()
#3 C:\wamp64\www\datehunter777\system\Common.php(1089): CodeIgniter\View\View->render('dashboard_view', Array, true)
#4 C:\wamp64\www\datehunter777\app\Controllers\Dashboard.php(38): view('dashboard_view', Array)
#5 C:\wamp64\www\datehunter777\system\CodeIgniter.php(825): App\Controllers\Dashboard->index()
#6 C:\wamp64\www\datehunter777\system\CodeIgniter.php(412): CodeIgniter\CodeIgniter->runController(Object(App\Controllers\Dashboard))
#7 C:\wamp64\www\datehunter777\system\CodeIgniter.php(320): CodeIgniter\CodeIgniter->handleRequest(NULL, Object(Config\Cache), false)
#8 C:\wamp64\www\datehunter777\public\index.php(37): CodeIgniter\CodeIgniter->run()
#9 {main}
CRITICAL - 2022-01-27 10:28:50 --> A non well formed numeric value encountered
#0 C:\wamp64\www\datehunter777\app\Controllers\Dashboard.php(31): CodeIgniter\Debug\Exceptions->errorHandler(8, 'A non well form...', 'C:\\wamp64\\www\\d...', 31, Array)
#1 C:\wamp64\www\datehunter777\system\CodeIgniter.php(825): App\Controllers\Dashboard->index()
#2 C:\wamp64\www\datehunter777\system\CodeIgniter.php(412): CodeIgniter\CodeIgniter->runController(Object(App\Controllers\Dashboard))
#3 C:\wamp64\www\datehunter777\system\CodeIgniter.php(320): CodeIgniter\CodeIgniter->handleRequest(NULL, Object(Config\Cache), false)
#4 C:\wamp64\www\datehunter777\public\index.php(37): CodeIgniter\CodeIgniter->run()
#5 {main}
ERROR - 2022-01-27 10:53:10 --> Email: sendWithMail throwed mail(): Failed to connect to mailserver at &quot;localhost&quot; port 25, verify your &quot;SMTP&quot; and &quot;smtp_port&quot; setting in php.ini or use ini_set()
ERROR - 2022-01-27 10:53:43 --> Email: sendWithMail throwed mail(): Failed to connect to mailserver at &quot;localhost&quot; port 25, verify your &quot;SMTP&quot; and &quot;smtp_port&quot; setting in php.ini or use ini_set()
ERROR - 2022-01-27 10:56:29 --> Email: sendWithMail throwed mail(): Failed to connect to mailserver at &quot;localhost&quot; port 25, verify your &quot;SMTP&quot; and &quot;smtp_port&quot; setting in php.ini or use ini_set()
