CRITICAL - 2022-01-13 14:40:29 --> Trying to get property 'errno' of non-object
#0 C:\wamp64\www\datehunter777\system\Database\MySQLi\Connection.php(555): CodeIgniter\Debug\Exceptions->errorHandler(8, 'Trying to get p...', 'C:\\wamp64\\www\\d...', 555, Array)
#1 C:\wamp64\www\datehunter777\system\Model.php(411): CodeIgniter\Database\MySQLi\Connection->error()
#2 C:\wamp64\www\datehunter777\system\BaseModel.php(1059): CodeIgniter\Model->doErrors()
#3 C:\wamp64\www\datehunter777\app\Controllers\Dashboard.php(82): CodeIgniter\BaseModel->errors()
#4 C:\wamp64\www\datehunter777\system\CodeIgniter.php(825): App\Controllers\Dashboard->inserir()
#5 C:\wamp64\www\datehunter777\system\CodeIgniter.php(412): CodeIgniter\CodeIgniter->runController(Object(App\Controllers\Dashboard))
#6 C:\wamp64\www\datehunter777\system\CodeIgniter.php(320): CodeIgniter\CodeIgniter->handleRequest(NULL, Object(Config\Cache), false)
#7 C:\wamp64\www\datehunter777\public\index.php(37): CodeIgniter\CodeIgniter->run()
#8 {main}
CRITICAL - 2022-01-13 14:42:27 --> Trying to get property 'errno' of non-object
#0 C:\wamp64\www\datehunter777\system\Database\MySQLi\Connection.php(555): CodeIgniter\Debug\Exceptions->errorHandler(8, 'Trying to get p...', 'C:\\wamp64\\www\\d...', 555, Array)
#1 C:\wamp64\www\datehunter777\system\Model.php(411): CodeIgniter\Database\MySQLi\Connection->error()
#2 C:\wamp64\www\datehunter777\system\BaseModel.php(1059): CodeIgniter\Model->doErrors()
#3 C:\wamp64\www\datehunter777\app\Controllers\Dashboard.php(82): CodeIgniter\BaseModel->errors()
#4 C:\wamp64\www\datehunter777\system\CodeIgniter.php(825): App\Controllers\Dashboard->inserir()
#5 C:\wamp64\www\datehunter777\system\CodeIgniter.php(412): CodeIgniter\CodeIgniter->runController(Object(App\Controllers\Dashboard))
#6 C:\wamp64\www\datehunter777\system\CodeIgniter.php(320): CodeIgniter\CodeIgniter->handleRequest(NULL, Object(Config\Cache), false)
#7 C:\wamp64\www\datehunter777\public\index.php(37): CodeIgniter\CodeIgniter->run()
#8 {main}
CRITICAL - 2022-01-13 14:43:40 --> Trying to get property 'errno' of non-object
#0 C:\wamp64\www\datehunter777\system\Database\MySQLi\Connection.php(555): CodeIgniter\Debug\Exceptions->errorHandler(8, 'Trying to get p...', 'C:\\wamp64\\www\\d...', 555, Array)
#1 C:\wamp64\www\datehunter777\system\Model.php(411): CodeIgniter\Database\MySQLi\Connection->error()
#2 C:\wamp64\www\datehunter777\system\BaseModel.php(1059): CodeIgniter\Model->doErrors()
#3 C:\wamp64\www\datehunter777\app\Controllers\Dashboard.php(82): CodeIgniter\BaseModel->errors()
#4 C:\wamp64\www\datehunter777\system\CodeIgniter.php(825): App\Controllers\Dashboard->inserir()
#5 C:\wamp64\www\datehunter777\system\CodeIgniter.php(412): CodeIgniter\CodeIgniter->runController(Object(App\Controllers\Dashboard))
#6 C:\wamp64\www\datehunter777\system\CodeIgniter.php(320): CodeIgniter\CodeIgniter->handleRequest(NULL, Object(Config\Cache), false)
#7 C:\wamp64\www\datehunter777\public\index.php(37): CodeIgniter\CodeIgniter->run()
#8 {main}
CRITICAL - 2022-01-13 14:43:48 --> Trying to get property 'errno' of non-object
#0 C:\wamp64\www\datehunter777\system\Database\MySQLi\Connection.php(555): CodeIgniter\Debug\Exceptions->errorHandler(8, 'Trying to get p...', 'C:\\wamp64\\www\\d...', 555, Array)
#1 C:\wamp64\www\datehunter777\system\Model.php(411): CodeIgniter\Database\MySQLi\Connection->error()
#2 C:\wamp64\www\datehunter777\system\BaseModel.php(1059): CodeIgniter\Model->doErrors()
#3 C:\wamp64\www\datehunter777\app\Controllers\Dashboard.php(82): CodeIgniter\BaseModel->errors()
#4 C:\wamp64\www\datehunter777\system\CodeIgniter.php(825): App\Controllers\Dashboard->inserir()
#5 C:\wamp64\www\datehunter777\system\CodeIgniter.php(412): CodeIgniter\CodeIgniter->runController(Object(App\Controllers\Dashboard))
#6 C:\wamp64\www\datehunter777\system\CodeIgniter.php(320): CodeIgniter\CodeIgniter->handleRequest(NULL, Object(Config\Cache), false)
#7 C:\wamp64\www\datehunter777\public\index.php(37): CodeIgniter\CodeIgniter->run()
#8 {main}
CRITICAL - 2022-01-13 14:44:42 --> Trying to get property 'errno' of non-object
#0 C:\wamp64\www\datehunter777\system\Database\MySQLi\Connection.php(555): CodeIgniter\Debug\Exceptions->errorHandler(8, 'Trying to get p...', 'C:\\wamp64\\www\\d...', 555, Array)
#1 C:\wamp64\www\datehunter777\system\Model.php(411): CodeIgniter\Database\MySQLi\Connection->error()
#2 C:\wamp64\www\datehunter777\system\BaseModel.php(1059): CodeIgniter\Model->doErrors()
#3 C:\wamp64\www\datehunter777\app\Controllers\Dashboard.php(82): CodeIgniter\BaseModel->errors()
#4 C:\wamp64\www\datehunter777\system\CodeIgniter.php(825): App\Controllers\Dashboard->inserir()
#5 C:\wamp64\www\datehunter777\system\CodeIgniter.php(412): CodeIgniter\CodeIgniter->runController(Object(App\Controllers\Dashboard))
#6 C:\wamp64\www\datehunter777\system\CodeIgniter.php(320): CodeIgniter\CodeIgniter->handleRequest(NULL, Object(Config\Cache), false)
#7 C:\wamp64\www\datehunter777\public\index.php(37): CodeIgniter\CodeIgniter->run()
#8 {main}
CRITICAL - 2022-01-13 14:48:54 --> Call to undefined method App\Models\ProductsModel::validation
#0 C:\wamp64\www\datehunter777\app\Controllers\Dashboard.php(82): CodeIgniter\Model->__call('validation', Array)
#1 C:\wamp64\www\datehunter777\system\CodeIgniter.php(825): App\Controllers\Dashboard->inserir()
#2 C:\wamp64\www\datehunter777\system\CodeIgniter.php(412): CodeIgniter\CodeIgniter->runController(Object(App\Controllers\Dashboard))
#3 C:\wamp64\www\datehunter777\system\CodeIgniter.php(320): CodeIgniter\CodeIgniter->handleRequest(NULL, Object(Config\Cache), false)
#4 C:\wamp64\www\datehunter777\public\index.php(37): CodeIgniter\CodeIgniter->run()
#5 {main}
CRITICAL - 2022-01-13 14:49:30 --> Call to undefined method App\Models\ProductsModel::validation
#0 C:\wamp64\www\datehunter777\app\Controllers\Dashboard.php(82): CodeIgniter\Model->__call('validation', Array)
#1 C:\wamp64\www\datehunter777\system\CodeIgniter.php(825): App\Controllers\Dashboard->inserir()
#2 C:\wamp64\www\datehunter777\system\CodeIgniter.php(412): CodeIgniter\CodeIgniter->runController(Object(App\Controllers\Dashboard))
#3 C:\wamp64\www\datehunter777\system\CodeIgniter.php(320): CodeIgniter\CodeIgniter->handleRequest(NULL, Object(Config\Cache), false)
#4 C:\wamp64\www\datehunter777\public\index.php(37): CodeIgniter\CodeIgniter->run()
#5 {main}
CRITICAL - 2022-01-13 14:49:38 --> Call to undefined method App\Models\ProductsModel::validation
#0 C:\wamp64\www\datehunter777\app\Controllers\Dashboard.php(82): CodeIgniter\Model->__call('validation', Array)
#1 C:\wamp64\www\datehunter777\system\CodeIgniter.php(825): App\Controllers\Dashboard->inserir()
#2 C:\wamp64\www\datehunter777\system\CodeIgniter.php(412): CodeIgniter\CodeIgniter->runController(Object(App\Controllers\Dashboard))
#3 C:\wamp64\www\datehunter777\system\CodeIgniter.php(320): CodeIgniter\CodeIgniter->handleRequest(NULL, Object(Config\Cache), false)
#4 C:\wamp64\www\datehunter777\public\index.php(37): CodeIgniter\CodeIgniter->run()
#5 {main}
CRITICAL - 2022-01-13 14:50:20 --> strpos(): Offset not contained in string
#0 [internal function]: CodeIgniter\Debug\Exceptions->errorHandler(2, 'strpos(): Offse...', 'C:\\wamp64\\www\\d...', 724, Array)
#1 C:\wamp64\www\datehunter777\system\Validation\Validation.php(724): strpos('required|min_le...', '|', 24)
#2 C:\wamp64\www\datehunter777\system\Validation\Validation.php(138): CodeIgniter\Validation\Validation->splitRules(Array)
#3 C:\wamp64\www\datehunter777\system\BaseModel.php(1347): CodeIgniter\Validation\Validation->run(Array, NULL, NULL)
#4 C:\wamp64\www\datehunter777\system\BaseModel.php(707): CodeIgniter\BaseModel->validate(Array)
#5 C:\wamp64\www\datehunter777\system\Model.php(625): CodeIgniter\BaseModel->insert(Array, true)
#6 C:\wamp64\www\datehunter777\app\Controllers\Dashboard.php(86): CodeIgniter\Model->insert(Array)
#7 C:\wamp64\www\datehunter777\system\CodeIgniter.php(825): App\Controllers\Dashboard->inserir()
#8 C:\wamp64\www\datehunter777\system\CodeIgniter.php(412): CodeIgniter\CodeIgniter->runController(Object(App\Controllers\Dashboard))
#9 C:\wamp64\www\datehunter777\system\CodeIgniter.php(320): CodeIgniter\CodeIgniter->handleRequest(NULL, Object(Config\Cache), false)
#10 C:\wamp64\www\datehunter777\public\index.php(37): CodeIgniter\CodeIgniter->run()
#11 {main}
CRITICAL - 2022-01-13 14:50:32 --> strpos(): Offset not contained in string
#0 [internal function]: CodeIgniter\Debug\Exceptions->errorHandler(2, 'strpos(): Offse...', 'C:\\wamp64\\www\\d...', 724, Array)
#1 C:\wamp64\www\datehunter777\system\Validation\Validation.php(724): strpos('required|min_le...', '|', 24)
#2 C:\wamp64\www\datehunter777\system\Validation\Validation.php(138): CodeIgniter\Validation\Validation->splitRules(Array)
#3 C:\wamp64\www\datehunter777\system\BaseModel.php(1347): CodeIgniter\Validation\Validation->run(Array, NULL, NULL)
#4 C:\wamp64\www\datehunter777\system\BaseModel.php(707): CodeIgniter\BaseModel->validate(Array)
#5 C:\wamp64\www\datehunter777\system\Model.php(625): CodeIgniter\BaseModel->insert(Array, true)
#6 C:\wamp64\www\datehunter777\app\Controllers\Dashboard.php(86): CodeIgniter\Model->insert(Array)
#7 C:\wamp64\www\datehunter777\system\CodeIgniter.php(825): App\Controllers\Dashboard->inserir()
#8 C:\wamp64\www\datehunter777\system\CodeIgniter.php(412): CodeIgniter\CodeIgniter->runController(Object(App\Controllers\Dashboard))
#9 C:\wamp64\www\datehunter777\system\CodeIgniter.php(320): CodeIgniter\CodeIgniter->handleRequest(NULL, Object(Config\Cache), false)
#10 C:\wamp64\www\datehunter777\public\index.php(37): CodeIgniter\CodeIgniter->run()
#11 {main}
CRITICAL - 2022-01-13 14:50:49 --> strpos(): Offset not contained in string
#0 [internal function]: CodeIgniter\Debug\Exceptions->errorHandler(2, 'strpos(): Offse...', 'C:\\wamp64\\www\\d...', 724, Array)
#1 C:\wamp64\www\datehunter777\system\Validation\Validation.php(724): strpos('required|min_le...', '|', 24)
#2 C:\wamp64\www\datehunter777\system\Validation\Validation.php(138): CodeIgniter\Validation\Validation->splitRules(Array)
#3 C:\wamp64\www\datehunter777\system\BaseModel.php(1347): CodeIgniter\Validation\Validation->run(Array, NULL, NULL)
#4 C:\wamp64\www\datehunter777\system\BaseModel.php(707): CodeIgniter\BaseModel->validate(Array)
#5 C:\wamp64\www\datehunter777\system\Model.php(625): CodeIgniter\BaseModel->insert(Array, true)
#6 C:\wamp64\www\datehunter777\app\Controllers\Dashboard.php(86): CodeIgniter\Model->insert(Array)
#7 C:\wamp64\www\datehunter777\system\CodeIgniter.php(825): App\Controllers\Dashboard->inserir()
#8 C:\wamp64\www\datehunter777\system\CodeIgniter.php(412): CodeIgniter\CodeIgniter->runController(Object(App\Controllers\Dashboard))
#9 C:\wamp64\www\datehunter777\system\CodeIgniter.php(320): CodeIgniter\CodeIgniter->handleRequest(NULL, Object(Config\Cache), false)
#10 C:\wamp64\www\datehunter777\public\index.php(37): CodeIgniter\CodeIgniter->run()
#11 {main}
CRITICAL - 2022-01-13 14:50:52 --> strpos(): Offset not contained in string
#0 [internal function]: CodeIgniter\Debug\Exceptions->errorHandler(2, 'strpos(): Offse...', 'C:\\wamp64\\www\\d...', 724, Array)
#1 C:\wamp64\www\datehunter777\system\Validation\Validation.php(724): strpos('required|min_le...', '|', 24)
#2 C:\wamp64\www\datehunter777\system\Validation\Validation.php(138): CodeIgniter\Validation\Validation->splitRules(Array)
#3 C:\wamp64\www\datehunter777\system\BaseModel.php(1347): CodeIgniter\Validation\Validation->run(Array, NULL, NULL)
#4 C:\wamp64\www\datehunter777\system\BaseModel.php(707): CodeIgniter\BaseModel->validate(Array)
#5 C:\wamp64\www\datehunter777\system\Model.php(625): CodeIgniter\BaseModel->insert(Array, true)
#6 C:\wamp64\www\datehunter777\app\Controllers\Dashboard.php(86): CodeIgniter\Model->insert(Array)
#7 C:\wamp64\www\datehunter777\system\CodeIgniter.php(825): App\Controllers\Dashboard->inserir()
#8 C:\wamp64\www\datehunter777\system\CodeIgniter.php(412): CodeIgniter\CodeIgniter->runController(Object(App\Controllers\Dashboard))
#9 C:\wamp64\www\datehunter777\system\CodeIgniter.php(320): CodeIgniter\CodeIgniter->handleRequest(NULL, Object(Config\Cache), false)
#10 C:\wamp64\www\datehunter777\public\index.php(37): CodeIgniter\CodeIgniter->run()
#11 {main}
CRITICAL - 2022-01-13 14:52:35 --> strpos(): Offset not contained in string
#0 [internal function]: CodeIgniter\Debug\Exceptions->errorHandler(2, 'strpos(): Offse...', 'C:\\wamp64\\www\\d...', 724, Array)
#1 C:\wamp64\www\datehunter777\system\Validation\Validation.php(724): strpos('required|min_le...', '|', 24)
#2 C:\wamp64\www\datehunter777\system\Validation\Validation.php(138): CodeIgniter\Validation\Validation->splitRules(Array)
#3 C:\wamp64\www\datehunter777\system\BaseModel.php(1347): CodeIgniter\Validation\Validation->run(Array, NULL, NULL)
#4 C:\wamp64\www\datehunter777\system\BaseModel.php(707): CodeIgniter\BaseModel->validate(Array)
#5 C:\wamp64\www\datehunter777\system\Model.php(625): CodeIgniter\BaseModel->insert(Array, true)
#6 C:\wamp64\www\datehunter777\app\Controllers\Dashboard.php(86): CodeIgniter\Model->insert(Array)
#7 C:\wamp64\www\datehunter777\system\CodeIgniter.php(825): App\Controllers\Dashboard->inserir()
#8 C:\wamp64\www\datehunter777\system\CodeIgniter.php(412): CodeIgniter\CodeIgniter->runController(Object(App\Controllers\Dashboard))
#9 C:\wamp64\www\datehunter777\system\CodeIgniter.php(320): CodeIgniter\CodeIgniter->handleRequest(NULL, Object(Config\Cache), false)
#10 C:\wamp64\www\datehunter777\public\index.php(37): CodeIgniter\CodeIgniter->run()
#11 {main}
CRITICAL - 2022-01-13 14:52:39 --> Undefined variable: validation
#0 C:\wamp64\www\datehunter777\app\Views\insert_product_view.php(60): CodeIgniter\Debug\Exceptions->errorHandler(8, 'Undefined varia...', 'C:\\wamp64\\www\\d...', 60, Array)
#1 C:\wamp64\www\datehunter777\system\View\View.php(210): include('C:\\wamp64\\www\\d...')
#2 C:\wamp64\www\datehunter777\system\View\View.php(213): CodeIgniter\View\View->CodeIgniter\View\{closure}()
#3 C:\wamp64\www\datehunter777\system\Common.php(1089): CodeIgniter\View\View->render('insert_product_...', Array, true)
#4 C:\wamp64\www\datehunter777\app\Controllers\Dashboard.php(97): view('insert_product_...', Array)
#5 C:\wamp64\www\datehunter777\system\CodeIgniter.php(825): App\Controllers\Dashboard->inserir()
#6 C:\wamp64\www\datehunter777\system\CodeIgniter.php(412): CodeIgniter\CodeIgniter->runController(Object(App\Controllers\Dashboard))
#7 C:\wamp64\www\datehunter777\system\CodeIgniter.php(320): CodeIgniter\CodeIgniter->handleRequest(NULL, Object(Config\Cache), false)
#8 C:\wamp64\www\datehunter777\public\index.php(37): CodeIgniter\CodeIgniter->run()
#9 {main}
CRITICAL - 2022-01-13 14:52:50 --> Undefined variable: validation
#0 C:\wamp64\www\datehunter777\app\Views\insert_product_view.php(60): CodeIgniter\Debug\Exceptions->errorHandler(8, 'Undefined varia...', 'C:\\wamp64\\www\\d...', 60, Array)
#1 C:\wamp64\www\datehunter777\system\View\View.php(210): include('C:\\wamp64\\www\\d...')
#2 C:\wamp64\www\datehunter777\system\View\View.php(213): CodeIgniter\View\View->CodeIgniter\View\{closure}()
#3 C:\wamp64\www\datehunter777\system\Common.php(1089): CodeIgniter\View\View->render('insert_product_...', Array, true)
#4 C:\wamp64\www\datehunter777\app\Controllers\Dashboard.php(97): view('insert_product_...', Array)
#5 C:\wamp64\www\datehunter777\system\CodeIgniter.php(825): App\Controllers\Dashboard->inserir()
#6 C:\wamp64\www\datehunter777\system\CodeIgniter.php(412): CodeIgniter\CodeIgniter->runController(Object(App\Controllers\Dashboard))
#7 C:\wamp64\www\datehunter777\system\CodeIgniter.php(320): CodeIgniter\CodeIgniter->handleRequest(NULL, Object(Config\Cache), false)
#8 C:\wamp64\www\datehunter777\public\index.php(37): CodeIgniter\CodeIgniter->run()
#9 {main}
CRITICAL - 2022-01-13 19:07:46 --> Trying to get property 'errno' of non-object
#0 C:\wamp64\www\datehunter777\system\Database\MySQLi\Connection.php(555): CodeIgniter\Debug\Exceptions->errorHandler(8, 'Trying to get p...', 'C:\\wamp64\\www\\d...', 555, Array)
#1 C:\wamp64\www\datehunter777\system\Model.php(411): CodeIgniter\Database\MySQLi\Connection->error()
#2 C:\wamp64\www\datehunter777\system\BaseModel.php(1059): CodeIgniter\Model->doErrors()
#3 C:\wamp64\www\datehunter777\app\Controllers\Dashboard.php(82): CodeIgniter\BaseModel->errors(true)
#4 C:\wamp64\www\datehunter777\system\CodeIgniter.php(825): App\Controllers\Dashboard->inserir()
#5 C:\wamp64\www\datehunter777\system\CodeIgniter.php(412): CodeIgniter\CodeIgniter->runController(Object(App\Controllers\Dashboard))
#6 C:\wamp64\www\datehunter777\system\CodeIgniter.php(320): CodeIgniter\CodeIgniter->handleRequest(NULL, Object(Config\Cache), false)
#7 C:\wamp64\www\datehunter777\public\index.php(37): CodeIgniter\CodeIgniter->run()
#8 {main}
CRITICAL - 2022-01-13 19:08:35 --> Trying to get property 'errno' of non-object
#0 C:\wamp64\www\datehunter777\system\Database\MySQLi\Connection.php(555): CodeIgniter\Debug\Exceptions->errorHandler(8, 'Trying to get p...', 'C:\\wamp64\\www\\d...', 555, Array)
#1 C:\wamp64\www\datehunter777\system\Model.php(411): CodeIgniter\Database\MySQLi\Connection->error()
#2 C:\wamp64\www\datehunter777\system\BaseModel.php(1059): CodeIgniter\Model->doErrors()
#3 C:\wamp64\www\datehunter777\app\Controllers\Dashboard.php(82): CodeIgniter\BaseModel->errors(false)
#4 C:\wamp64\www\datehunter777\system\CodeIgniter.php(825): App\Controllers\Dashboard->inserir()
#5 C:\wamp64\www\datehunter777\system\CodeIgniter.php(412): CodeIgniter\CodeIgniter->runController(Object(App\Controllers\Dashboard))
#6 C:\wamp64\www\datehunter777\system\CodeIgniter.php(320): CodeIgniter\CodeIgniter->handleRequest(NULL, Object(Config\Cache), false)
#7 C:\wamp64\www\datehunter777\public\index.php(37): CodeIgniter\CodeIgniter->run()
#8 {main}
CRITICAL - 2022-01-13 19:08:38 --> Trying to get property 'errno' of non-object
#0 C:\wamp64\www\datehunter777\system\Database\MySQLi\Connection.php(555): CodeIgniter\Debug\Exceptions->errorHandler(8, 'Trying to get p...', 'C:\\wamp64\\www\\d...', 555, Array)
#1 C:\wamp64\www\datehunter777\system\Model.php(411): CodeIgniter\Database\MySQLi\Connection->error()
#2 C:\wamp64\www\datehunter777\system\BaseModel.php(1059): CodeIgniter\Model->doErrors()
#3 C:\wamp64\www\datehunter777\app\Controllers\Dashboard.php(82): CodeIgniter\BaseModel->errors(false)
#4 C:\wamp64\www\datehunter777\system\CodeIgniter.php(825): App\Controllers\Dashboard->inserir()
#5 C:\wamp64\www\datehunter777\system\CodeIgniter.php(412): CodeIgniter\CodeIgniter->runController(Object(App\Controllers\Dashboard))
#6 C:\wamp64\www\datehunter777\system\CodeIgniter.php(320): CodeIgniter\CodeIgniter->handleRequest(NULL, Object(Config\Cache), false)
#7 C:\wamp64\www\datehunter777\public\index.php(37): CodeIgniter\CodeIgniter->run()
#8 {main}
CRITICAL - 2022-01-13 19:10:10 --> Trying to get property 'errno' of non-object
#0 C:\wamp64\www\datehunter777\system\Database\MySQLi\Connection.php(555): CodeIgniter\Debug\Exceptions->errorHandler(8, 'Trying to get p...', 'C:\\wamp64\\www\\d...', 555, Array)
#1 C:\wamp64\www\datehunter777\system\Model.php(411): CodeIgniter\Database\MySQLi\Connection->error()
#2 C:\wamp64\www\datehunter777\system\BaseModel.php(1059): CodeIgniter\Model->doErrors()
#3 C:\wamp64\www\datehunter777\app\Controllers\Dashboard.php(82): CodeIgniter\BaseModel->errors()
#4 C:\wamp64\www\datehunter777\system\CodeIgniter.php(825): App\Controllers\Dashboard->inserir()
#5 C:\wamp64\www\datehunter777\system\CodeIgniter.php(412): CodeIgniter\CodeIgniter->runController(Object(App\Controllers\Dashboard))
#6 C:\wamp64\www\datehunter777\system\CodeIgniter.php(320): CodeIgniter\CodeIgniter->handleRequest(NULL, Object(Config\Cache), false)
#7 C:\wamp64\www\datehunter777\public\index.php(37): CodeIgniter\CodeIgniter->run()
#8 {main}
CRITICAL - 2022-01-13 19:10:33 --> Trying to get property 'errno' of non-object
#0 C:\wamp64\www\datehunter777\system\Database\MySQLi\Connection.php(555): CodeIgniter\Debug\Exceptions->errorHandler(8, 'Trying to get p...', 'C:\\wamp64\\www\\d...', 555, Array)
#1 C:\wamp64\www\datehunter777\system\Model.php(411): CodeIgniter\Database\MySQLi\Connection->error()
#2 C:\wamp64\www\datehunter777\system\BaseModel.php(1059): CodeIgniter\Model->doErrors()
#3 C:\wamp64\www\datehunter777\app\Controllers\Dashboard.php(82): CodeIgniter\BaseModel->errors()
#4 C:\wamp64\www\datehunter777\system\CodeIgniter.php(825): App\Controllers\Dashboard->inserir()
#5 C:\wamp64\www\datehunter777\system\CodeIgniter.php(412): CodeIgniter\CodeIgniter->runController(Object(App\Controllers\Dashboard))
#6 C:\wamp64\www\datehunter777\system\CodeIgniter.php(320): CodeIgniter\CodeIgniter->handleRequest(NULL, Object(Config\Cache), false)
#7 C:\wamp64\www\datehunter777\public\index.php(37): CodeIgniter\CodeIgniter->run()
#8 {main}
CRITICAL - 2022-01-13 19:10:49 --> Trying to get property 'errno' of non-object
#0 C:\wamp64\www\datehunter777\system\Database\MySQLi\Connection.php(555): CodeIgniter\Debug\Exceptions->errorHandler(8, 'Trying to get p...', 'C:\\wamp64\\www\\d...', 555, Array)
#1 C:\wamp64\www\datehunter777\system\Model.php(411): CodeIgniter\Database\MySQLi\Connection->error()
#2 C:\wamp64\www\datehunter777\system\BaseModel.php(1059): CodeIgniter\Model->doErrors()
#3 C:\wamp64\www\datehunter777\app\Controllers\Dashboard.php(82): CodeIgniter\BaseModel->errors()
#4 C:\wamp64\www\datehunter777\system\CodeIgniter.php(825): App\Controllers\Dashboard->inserir()
#5 C:\wamp64\www\datehunter777\system\CodeIgniter.php(412): CodeIgniter\CodeIgniter->runController(Object(App\Controllers\Dashboard))
#6 C:\wamp64\www\datehunter777\system\CodeIgniter.php(320): CodeIgniter\CodeIgniter->handleRequest(NULL, Object(Config\Cache), false)
#7 C:\wamp64\www\datehunter777\public\index.php(37): CodeIgniter\CodeIgniter->run()
#8 {main}
CRITICAL - 2022-01-13 19:11:44 --> Trying to get property 'errno' of non-object
#0 C:\wamp64\www\datehunter777\system\Database\MySQLi\Connection.php(555): CodeIgniter\Debug\Exceptions->errorHandler(8, 'Trying to get p...', 'C:\\wamp64\\www\\d...', 555, Array)
#1 C:\wamp64\www\datehunter777\system\Model.php(411): CodeIgniter\Database\MySQLi\Connection->error()
#2 C:\wamp64\www\datehunter777\system\BaseModel.php(1059): CodeIgniter\Model->doErrors()
#3 C:\wamp64\www\datehunter777\app\Controllers\Dashboard.php(82): CodeIgniter\BaseModel->errors()
#4 C:\wamp64\www\datehunter777\system\CodeIgniter.php(825): App\Controllers\Dashboard->inserir()
#5 C:\wamp64\www\datehunter777\system\CodeIgniter.php(412): CodeIgniter\CodeIgniter->runController(Object(App\Controllers\Dashboard))
#6 C:\wamp64\www\datehunter777\system\CodeIgniter.php(320): CodeIgniter\CodeIgniter->handleRequest(NULL, Object(Config\Cache), false)
#7 C:\wamp64\www\datehunter777\public\index.php(37): CodeIgniter\CodeIgniter->run()
#8 {main}
CRITICAL - 2022-01-13 19:14:45 --> Argument 1 passed to CodeIgniter\Validation\Validation::setRules() must be of the type array, object given, called in C:\wamp64\www\datehunter777\system\Controller.php on line 160
#0 C:\wamp64\www\datehunter777\system\Controller.php(160): CodeIgniter\Validation\Validation->setRules(Object(App\Models\ProductsModel), Array)
#1 C:\wamp64\www\datehunter777\app\Controllers\Dashboard.php(83): CodeIgniter\Controller->validate(Object(App\Models\ProductsModel))
#2 C:\wamp64\www\datehunter777\system\CodeIgniter.php(825): App\Controllers\Dashboard->inserir()
#3 C:\wamp64\www\datehunter777\system\CodeIgniter.php(412): CodeIgniter\CodeIgniter->runController(Object(App\Controllers\Dashboard))
#4 C:\wamp64\www\datehunter777\system\CodeIgniter.php(320): CodeIgniter\CodeIgniter->handleRequest(NULL, Object(Config\Cache), false)
#5 C:\wamp64\www\datehunter777\public\index.php(37): CodeIgniter\CodeIgniter->run()
#6 {main}
CRITICAL - 2022-01-13 19:15:16 --> Trying to get property 'errno' of non-object
#0 C:\wamp64\www\datehunter777\system\Database\MySQLi\Connection.php(555): CodeIgniter\Debug\Exceptions->errorHandler(8, 'Trying to get p...', 'C:\\wamp64\\www\\d...', 555, Array)
#1 C:\wamp64\www\datehunter777\system\Model.php(411): CodeIgniter\Database\MySQLi\Connection->error()
#2 C:\wamp64\www\datehunter777\system\BaseModel.php(1059): CodeIgniter\Model->doErrors()
#3 C:\wamp64\www\datehunter777\app\Controllers\Dashboard.php(83): CodeIgniter\BaseModel->errors()
#4 C:\wamp64\www\datehunter777\system\CodeIgniter.php(825): App\Controllers\Dashboard->inserir()
#5 C:\wamp64\www\datehunter777\system\CodeIgniter.php(412): CodeIgniter\CodeIgniter->runController(Object(App\Controllers\Dashboard))
#6 C:\wamp64\www\datehunter777\system\CodeIgniter.php(320): CodeIgniter\CodeIgniter->handleRequest(NULL, Object(Config\Cache), false)
#7 C:\wamp64\www\datehunter777\public\index.php(37): CodeIgniter\CodeIgniter->run()
#8 {main}
CRITICAL - 2022-01-13 19:18:25 -->  is not a valid rule.
#0 C:\wamp64\www\datehunter777\system\Validation\Validation.php(300): CodeIgniter\Validation\Exceptions\ValidationException::forRuleNotFound('')
#1 C:\wamp64\www\datehunter777\system\Validation\Validation.php(157): CodeIgniter\Validation\Validation->processRules('name_product', 'name_product', '', Array, Array)
#2 C:\wamp64\www\datehunter777\system\Controller.php(160): CodeIgniter\Validation\Validation->run()
#3 C:\wamp64\www\datehunter777\app\Controllers\Dashboard.php(83): CodeIgniter\Controller->validate(Array)
#4 C:\wamp64\www\datehunter777\system\CodeIgniter.php(825): App\Controllers\Dashboard->inserir()
#5 C:\wamp64\www\datehunter777\system\CodeIgniter.php(412): CodeIgniter\CodeIgniter->runController(Object(App\Controllers\Dashboard))
#6 C:\wamp64\www\datehunter777\system\CodeIgniter.php(320): CodeIgniter\CodeIgniter->handleRequest(NULL, Object(Config\Cache), false)
#7 C:\wamp64\www\datehunter777\public\index.php(37): CodeIgniter\CodeIgniter->run()
#8 {main}
CRITICAL - 2022-01-13 19:22:07 --> strpos(): Offset not contained in string
#0 [internal function]: CodeIgniter\Debug\Exceptions->errorHandler(2, 'strpos(): Offse...', 'C:\\wamp64\\www\\d...', 724, Array)
#1 C:\wamp64\www\datehunter777\system\Validation\Validation.php(724): strpos('required|min_le...', '|', 24)
#2 C:\wamp64\www\datehunter777\system\Validation\Validation.php(138): CodeIgniter\Validation\Validation->splitRules(Array)
#3 C:\wamp64\www\datehunter777\system\BaseModel.php(1347): CodeIgniter\Validation\Validation->run(Array, NULL, NULL)
#4 C:\wamp64\www\datehunter777\system\BaseModel.php(707): CodeIgniter\BaseModel->validate(Array)
#5 C:\wamp64\www\datehunter777\system\Model.php(625): CodeIgniter\BaseModel->insert(Array, true)
#6 C:\wamp64\www\datehunter777\app\Controllers\Dashboard.php(83): CodeIgniter\Model->insert(Array)
#7 C:\wamp64\www\datehunter777\system\CodeIgniter.php(825): App\Controllers\Dashboard->inserir()
#8 C:\wamp64\www\datehunter777\system\CodeIgniter.php(412): CodeIgniter\CodeIgniter->runController(Object(App\Controllers\Dashboard))
#9 C:\wamp64\www\datehunter777\system\CodeIgniter.php(320): CodeIgniter\CodeIgniter->handleRequest(NULL, Object(Config\Cache), false)
#10 C:\wamp64\www\datehunter777\public\index.php(37): CodeIgniter\CodeIgniter->run()
#11 {main}
CRITICAL - 2022-01-13 19:22:17 --> strpos(): Offset not contained in string
#0 [internal function]: CodeIgniter\Debug\Exceptions->errorHandler(2, 'strpos(): Offse...', 'C:\\wamp64\\www\\d...', 724, Array)
#1 C:\wamp64\www\datehunter777\system\Validation\Validation.php(724): strpos('required|min_le...', '|', 24)
#2 C:\wamp64\www\datehunter777\system\Validation\Validation.php(138): CodeIgniter\Validation\Validation->splitRules(Array)
#3 C:\wamp64\www\datehunter777\system\BaseModel.php(1347): CodeIgniter\Validation\Validation->run(Array, NULL, NULL)
#4 C:\wamp64\www\datehunter777\system\BaseModel.php(707): CodeIgniter\BaseModel->validate(Array)
#5 C:\wamp64\www\datehunter777\system\Model.php(625): CodeIgniter\BaseModel->insert(Array, true)
#6 C:\wamp64\www\datehunter777\app\Controllers\Dashboard.php(83): CodeIgniter\Model->insert(Array)
#7 C:\wamp64\www\datehunter777\system\CodeIgniter.php(825): App\Controllers\Dashboard->inserir()
#8 C:\wamp64\www\datehunter777\system\CodeIgniter.php(412): CodeIgniter\CodeIgniter->runController(Object(App\Controllers\Dashboard))
#9 C:\wamp64\www\datehunter777\system\CodeIgniter.php(320): CodeIgniter\CodeIgniter->handleRequest(NULL, Object(Config\Cache), false)
#10 C:\wamp64\www\datehunter777\public\index.php(37): CodeIgniter\CodeIgniter->run()
#11 {main}
CRITICAL - 2022-01-13 19:22:25 --> strpos(): Offset not contained in string
#0 [internal function]: CodeIgniter\Debug\Exceptions->errorHandler(2, 'strpos(): Offse...', 'C:\\wamp64\\www\\d...', 724, Array)
#1 C:\wamp64\www\datehunter777\system\Validation\Validation.php(724): strpos('required|min_le...', '|', 24)
#2 C:\wamp64\www\datehunter777\system\Validation\Validation.php(138): CodeIgniter\Validation\Validation->splitRules(Array)
#3 C:\wamp64\www\datehunter777\system\BaseModel.php(1347): CodeIgniter\Validation\Validation->run(Array, NULL, NULL)
#4 C:\wamp64\www\datehunter777\system\BaseModel.php(707): CodeIgniter\BaseModel->validate(Array)
#5 C:\wamp64\www\datehunter777\system\Model.php(625): CodeIgniter\BaseModel->insert(Array, true)
#6 C:\wamp64\www\datehunter777\app\Controllers\Dashboard.php(83): CodeIgniter\Model->insert(Array)
#7 C:\wamp64\www\datehunter777\system\CodeIgniter.php(825): App\Controllers\Dashboard->inserir()
#8 C:\wamp64\www\datehunter777\system\CodeIgniter.php(412): CodeIgniter\CodeIgniter->runController(Object(App\Controllers\Dashboard))
#9 C:\wamp64\www\datehunter777\system\CodeIgniter.php(320): CodeIgniter\CodeIgniter->handleRequest(NULL, Object(Config\Cache), false)
#10 C:\wamp64\www\datehunter777\public\index.php(37): CodeIgniter\CodeIgniter->run()
#11 {main}
CRITICAL - 2022-01-13 19:22:41 --> strpos(): Offset not contained in string
#0 [internal function]: CodeIgniter\Debug\Exceptions->errorHandler(2, 'strpos(): Offse...', 'C:\\wamp64\\www\\d...', 724, Array)
#1 C:\wamp64\www\datehunter777\system\Validation\Validation.php(724): strpos('required|min_le...', '|', 24)
#2 C:\wamp64\www\datehunter777\system\Validation\Validation.php(138): CodeIgniter\Validation\Validation->splitRules(Array)
#3 C:\wamp64\www\datehunter777\system\BaseModel.php(1347): CodeIgniter\Validation\Validation->run(Array, NULL, NULL)
#4 C:\wamp64\www\datehunter777\system\BaseModel.php(707): CodeIgniter\BaseModel->validate(Array)
#5 C:\wamp64\www\datehunter777\system\Model.php(625): CodeIgniter\BaseModel->insert(Array, true)
#6 C:\wamp64\www\datehunter777\app\Controllers\Dashboard.php(83): CodeIgniter\Model->insert(Array)
#7 C:\wamp64\www\datehunter777\system\CodeIgniter.php(825): App\Controllers\Dashboard->inserir()
#8 C:\wamp64\www\datehunter777\system\CodeIgniter.php(412): CodeIgniter\CodeIgniter->runController(Object(App\Controllers\Dashboard))
#9 C:\wamp64\www\datehunter777\system\CodeIgniter.php(320): CodeIgniter\CodeIgniter->handleRequest(NULL, Object(Config\Cache), false)
#10 C:\wamp64\www\datehunter777\public\index.php(37): CodeIgniter\CodeIgniter->run()
#11 {main}
CRITICAL - 2022-01-13 19:22:52 --> strpos(): Offset not contained in string
#0 [internal function]: CodeIgniter\Debug\Exceptions->errorHandler(2, 'strpos(): Offse...', 'C:\\wamp64\\www\\d...', 724, Array)
#1 C:\wamp64\www\datehunter777\system\Validation\Validation.php(724): strpos('required|min_le...', '|', 24)
#2 C:\wamp64\www\datehunter777\system\Validation\Validation.php(138): CodeIgniter\Validation\Validation->splitRules(Array)
#3 C:\wamp64\www\datehunter777\system\BaseModel.php(1347): CodeIgniter\Validation\Validation->run(Array, NULL, NULL)
#4 C:\wamp64\www\datehunter777\system\BaseModel.php(707): CodeIgniter\BaseModel->validate(Array)
#5 C:\wamp64\www\datehunter777\system\Model.php(625): CodeIgniter\BaseModel->insert(Array, true)
#6 C:\wamp64\www\datehunter777\app\Controllers\Dashboard.php(83): CodeIgniter\Model->insert(Array)
#7 C:\wamp64\www\datehunter777\system\CodeIgniter.php(825): App\Controllers\Dashboard->inserir()
#8 C:\wamp64\www\datehunter777\system\CodeIgniter.php(412): CodeIgniter\CodeIgniter->runController(Object(App\Controllers\Dashboard))
#9 C:\wamp64\www\datehunter777\system\CodeIgniter.php(320): CodeIgniter\CodeIgniter->handleRequest(NULL, Object(Config\Cache), false)
#10 C:\wamp64\www\datehunter777\public\index.php(37): CodeIgniter\CodeIgniter->run()
#11 {main}
CRITICAL - 2022-01-13 19:23:10 --> strpos(): Offset not contained in string
#0 [internal function]: CodeIgniter\Debug\Exceptions->errorHandler(2, 'strpos(): Offse...', 'C:\\wamp64\\www\\d...', 724, Array)
#1 C:\wamp64\www\datehunter777\system\Validation\Validation.php(724): strpos('required|min_le...', '|', 24)
#2 C:\wamp64\www\datehunter777\system\Validation\Validation.php(138): CodeIgniter\Validation\Validation->splitRules(Array)
#3 C:\wamp64\www\datehunter777\system\BaseModel.php(1347): CodeIgniter\Validation\Validation->run(Array, NULL, NULL)
#4 C:\wamp64\www\datehunter777\system\BaseModel.php(707): CodeIgniter\BaseModel->validate(Array)
#5 C:\wamp64\www\datehunter777\system\Model.php(625): CodeIgniter\BaseModel->insert(Array, true)
#6 C:\wamp64\www\datehunter777\app\Controllers\Dashboard.php(83): CodeIgniter\Model->insert(Array)
#7 C:\wamp64\www\datehunter777\system\CodeIgniter.php(825): App\Controllers\Dashboard->inserir()
#8 C:\wamp64\www\datehunter777\system\CodeIgniter.php(412): CodeIgniter\CodeIgniter->runController(Object(App\Controllers\Dashboard))
#9 C:\wamp64\www\datehunter777\system\CodeIgniter.php(320): CodeIgniter\CodeIgniter->handleRequest(NULL, Object(Config\Cache), false)
#10 C:\wamp64\www\datehunter777\public\index.php(37): CodeIgniter\CodeIgniter->run()
#11 {main}
CRITICAL - 2022-01-13 19:24:01 --> required/min_length is not a valid rule.
#0 C:\wamp64\www\datehunter777\system\Validation\Validation.php(300): CodeIgniter\Validation\Exceptions\ValidationException::forRuleNotFound('required/min_le...')
#1 C:\wamp64\www\datehunter777\system\Validation\Validation.php(157): CodeIgniter\Validation\Validation->processRules('name_product', 'name_product', '', Array, Array)
#2 C:\wamp64\www\datehunter777\system\BaseModel.php(1347): CodeIgniter\Validation\Validation->run(Array, NULL, NULL)
#3 C:\wamp64\www\datehunter777\system\BaseModel.php(707): CodeIgniter\BaseModel->validate(Array)
#4 C:\wamp64\www\datehunter777\system\Model.php(625): CodeIgniter\BaseModel->insert(Array, true)
#5 C:\wamp64\www\datehunter777\app\Controllers\Dashboard.php(83): CodeIgniter\Model->insert(Array)
#6 C:\wamp64\www\datehunter777\system\CodeIgniter.php(825): App\Controllers\Dashboard->inserir()
#7 C:\wamp64\www\datehunter777\system\CodeIgniter.php(412): CodeIgniter\CodeIgniter->runController(Object(App\Controllers\Dashboard))
#8 C:\wamp64\www\datehunter777\system\CodeIgniter.php(320): CodeIgniter\CodeIgniter->handleRequest(NULL, Object(Config\Cache), false)
#9 C:\wamp64\www\datehunter777\public\index.php(37): CodeIgniter\CodeIgniter->run()
#10 {main}
CRITICAL - 2022-01-13 19:24:25 --> Array to string conversion
#0 C:\wamp64\www\datehunter777\app\Views\insert_product_view.php(61): CodeIgniter\Debug\Exceptions->errorHandler(8, 'Array to string...', 'C:\\wamp64\\www\\d...', 61, Array)
#1 C:\wamp64\www\datehunter777\system\View\View.php(210): include('C:\\wamp64\\www\\d...')
#2 C:\wamp64\www\datehunter777\system\View\View.php(213): CodeIgniter\View\View->CodeIgniter\View\{closure}()
#3 C:\wamp64\www\datehunter777\system\Common.php(1089): CodeIgniter\View\View->render('insert_product_...', Array, true)
#4 C:\wamp64\www\datehunter777\app\Controllers\Dashboard.php(95): view('insert_product_...', Array)
#5 C:\wamp64\www\datehunter777\system\CodeIgniter.php(825): App\Controllers\Dashboard->inserir()
#6 C:\wamp64\www\datehunter777\system\CodeIgniter.php(412): CodeIgniter\CodeIgniter->runController(Object(App\Controllers\Dashboard))
#7 C:\wamp64\www\datehunter777\system\CodeIgniter.php(320): CodeIgniter\CodeIgniter->handleRequest(NULL, Object(Config\Cache), false)
#8 C:\wamp64\www\datehunter777\public\index.php(37): CodeIgniter\CodeIgniter->run()
#9 {main}
