CRITICAL - 2022-01-16 13:58:54 --> Undefined index: id
#0 C:\wamp64\www\datehunter777\app\Views\insert_product_view.php(57): CodeIgniter\Debug\Exceptions->errorHandler(8, 'Undefined index...', 'C:\\wamp64\\www\\d...', 57, Array)
#1 C:\wamp64\www\datehunter777\system\View\View.php(210): include('C:\\wamp64\\www\\d...')
#2 C:\wamp64\www\datehunter777\system\View\View.php(213): CodeIgniter\View\View->CodeIgniter\View\{closure}()
#3 C:\wamp64\www\datehunter777\system\Common.php(1089): CodeIgniter\View\View->render('insert_product_...', Array, true)
#4 C:\wamp64\www\datehunter777\app\Controllers\Dashboard.php(94): view('insert_product_...', Array)
#5 C:\wamp64\www\datehunter777\system\CodeIgniter.php(825): App\Controllers\Dashboard->inserir()
#6 C:\wamp64\www\datehunter777\system\CodeIgniter.php(412): CodeIgniter\CodeIgniter->runController(Object(App\Controllers\Dashboard))
#7 C:\wamp64\www\datehunter777\system\CodeIgniter.php(320): CodeIgniter\CodeIgniter->handleRequest(NULL, Object(Config\Cache), false)
#8 C:\wamp64\www\datehunter777\public\index.php(37): CodeIgniter\CodeIgniter->run()
#9 {main}
CRITICAL - 2022-01-16 14:08:55 --> Undefined index: id
#0 C:\wamp64\www\datehunter777\app\Views\insert_product_view.php(57): CodeIgniter\Debug\Exceptions->errorHandler(8, 'Undefined index...', 'C:\\wamp64\\www\\d...', 57, Array)
#1 C:\wamp64\www\datehunter777\system\View\View.php(210): include('C:\\wamp64\\www\\d...')
#2 C:\wamp64\www\datehunter777\system\View\View.php(213): CodeIgniter\View\View->CodeIgniter\View\{closure}()
#3 C:\wamp64\www\datehunter777\system\Common.php(1089): CodeIgniter\View\View->render('insert_product_...', Array, true)
#4 C:\wamp64\www\datehunter777\app\Controllers\Dashboard.php(94): view('insert_product_...', Array)
#5 C:\wamp64\www\datehunter777\system\CodeIgniter.php(825): App\Controllers\Dashboard->inserir()
#6 C:\wamp64\www\datehunter777\system\CodeIgniter.php(412): CodeIgniter\CodeIgniter->runController(Object(App\Controllers\Dashboard))
#7 C:\wamp64\www\datehunter777\system\CodeIgniter.php(320): CodeIgniter\CodeIgniter->handleRequest(NULL, Object(Config\Cache), false)
#8 C:\wamp64\www\datehunter777\public\index.php(37): CodeIgniter\CodeIgniter->run()
#9 {main}
CRITICAL - 2022-01-16 14:16:46 --> There is no data to insert.
#0 C:\wamp64\www\datehunter777\system\BaseModel.php(1574): CodeIgniter\Database\Exceptions\DataException::forEmptyDataset('insert')
#1 C:\wamp64\www\datehunter777\system\BaseModel.php(704): CodeIgniter\BaseModel->transformDataToArray(Array, 'insert')
#2 C:\wamp64\www\datehunter777\system\Model.php(625): CodeIgniter\BaseModel->insert(Array, true)
#3 C:\wamp64\www\datehunter777\app\Controllers\Dashboard.php(83): CodeIgniter\Model->insert(Array)
#4 C:\wamp64\www\datehunter777\system\CodeIgniter.php(825): App\Controllers\Dashboard->inserir()
#5 C:\wamp64\www\datehunter777\system\CodeIgniter.php(412): CodeIgniter\CodeIgniter->runController(Object(App\Controllers\Dashboard))
#6 C:\wamp64\www\datehunter777\system\CodeIgniter.php(320): CodeIgniter\CodeIgniter->handleRequest(NULL, Object(Config\Cache), false)
#7 C:\wamp64\www\datehunter777\public\index.php(37): CodeIgniter\CodeIgniter->run()
#8 {main}
CRITICAL - 2022-01-16 14:18:02 --> There is no data to insert.
#0 C:\wamp64\www\datehunter777\system\BaseModel.php(1574): CodeIgniter\Database\Exceptions\DataException::forEmptyDataset('insert')
#1 C:\wamp64\www\datehunter777\system\BaseModel.php(704): CodeIgniter\BaseModel->transformDataToArray(Array, 'insert')
#2 C:\wamp64\www\datehunter777\system\Model.php(625): CodeIgniter\BaseModel->insert(Array, true)
#3 C:\wamp64\www\datehunter777\app\Controllers\Dashboard.php(83): CodeIgniter\Model->insert(Array)
#4 C:\wamp64\www\datehunter777\system\CodeIgniter.php(825): App\Controllers\Dashboard->inserir()
#5 C:\wamp64\www\datehunter777\system\CodeIgniter.php(412): CodeIgniter\CodeIgniter->runController(Object(App\Controllers\Dashboard))
#6 C:\wamp64\www\datehunter777\system\CodeIgniter.php(320): CodeIgniter\CodeIgniter->handleRequest(NULL, Object(Config\Cache), false)
#7 C:\wamp64\www\datehunter777\public\index.php(37): CodeIgniter\CodeIgniter->run()
#8 {main}
CRITICAL - 2022-01-16 14:23:10 --> There is no data to insert.
#0 C:\wamp64\www\datehunter777\system\BaseModel.php(1574): CodeIgniter\Database\Exceptions\DataException::forEmptyDataset('insert')
#1 C:\wamp64\www\datehunter777\system\BaseModel.php(704): CodeIgniter\BaseModel->transformDataToArray(Array, 'insert')
#2 C:\wamp64\www\datehunter777\system\Model.php(625): CodeIgniter\BaseModel->insert(Array, true)
#3 C:\wamp64\www\datehunter777\app\Controllers\Dashboard.php(84): CodeIgniter\Model->insert(Array)
#4 C:\wamp64\www\datehunter777\system\CodeIgniter.php(825): App\Controllers\Dashboard->inserir()
#5 C:\wamp64\www\datehunter777\system\CodeIgniter.php(412): CodeIgniter\CodeIgniter->runController(Object(App\Controllers\Dashboard))
#6 C:\wamp64\www\datehunter777\system\CodeIgniter.php(320): CodeIgniter\CodeIgniter->handleRequest(NULL, Object(Config\Cache), false)
#7 C:\wamp64\www\datehunter777\public\index.php(37): CodeIgniter\CodeIgniter->run()
#8 {main}
CRITICAL - 2022-01-16 14:23:44 --> There is no data to insert.
#0 C:\wamp64\www\datehunter777\system\BaseModel.php(1574): CodeIgniter\Database\Exceptions\DataException::forEmptyDataset('insert')
#1 C:\wamp64\www\datehunter777\system\BaseModel.php(704): CodeIgniter\BaseModel->transformDataToArray(Array, 'insert')
#2 C:\wamp64\www\datehunter777\system\Model.php(625): CodeIgniter\BaseModel->insert(Array, true)
#3 C:\wamp64\www\datehunter777\app\Controllers\Dashboard.php(84): CodeIgniter\Model->insert(Array)
#4 C:\wamp64\www\datehunter777\system\CodeIgniter.php(825): App\Controllers\Dashboard->inserir()
#5 C:\wamp64\www\datehunter777\system\CodeIgniter.php(412): CodeIgniter\CodeIgniter->runController(Object(App\Controllers\Dashboard))
#6 C:\wamp64\www\datehunter777\system\CodeIgniter.php(320): CodeIgniter\CodeIgniter->handleRequest(NULL, Object(Config\Cache), false)
#7 C:\wamp64\www\datehunter777\public\index.php(37): CodeIgniter\CodeIgniter->run()
#8 {main}
CRITICAL - 2022-01-16 14:28:58 --> There is no data to insert.
#0 C:\wamp64\www\datehunter777\system\BaseModel.php(1574): CodeIgniter\Database\Exceptions\DataException::forEmptyDataset('insert')
#1 C:\wamp64\www\datehunter777\system\BaseModel.php(704): CodeIgniter\BaseModel->transformDataToArray(Array, 'insert')
#2 C:\wamp64\www\datehunter777\system\Model.php(625): CodeIgniter\BaseModel->insert(Array, true)
#3 C:\wamp64\www\datehunter777\app\Controllers\Dashboard.php(81): CodeIgniter\Model->insert(Array)
#4 C:\wamp64\www\datehunter777\system\CodeIgniter.php(825): App\Controllers\Dashboard->inserir()
#5 C:\wamp64\www\datehunter777\system\CodeIgniter.php(412): CodeIgniter\CodeIgniter->runController(Object(App\Controllers\Dashboard))
#6 C:\wamp64\www\datehunter777\system\CodeIgniter.php(320): CodeIgniter\CodeIgniter->handleRequest(NULL, Object(Config\Cache), false)
#7 C:\wamp64\www\datehunter777\public\index.php(37): CodeIgniter\CodeIgniter->run()
#8 {main}
CRITICAL - 2022-01-16 14:29:06 --> There is no data to insert.
#0 C:\wamp64\www\datehunter777\system\BaseModel.php(1574): CodeIgniter\Database\Exceptions\DataException::forEmptyDataset('insert')
#1 C:\wamp64\www\datehunter777\system\BaseModel.php(704): CodeIgniter\BaseModel->transformDataToArray(Array, 'insert')
#2 C:\wamp64\www\datehunter777\system\Model.php(625): CodeIgniter\BaseModel->insert(Array, true)
#3 C:\wamp64\www\datehunter777\app\Controllers\Dashboard.php(81): CodeIgniter\Model->insert(Array)
#4 C:\wamp64\www\datehunter777\system\CodeIgniter.php(825): App\Controllers\Dashboard->inserir()
#5 C:\wamp64\www\datehunter777\system\CodeIgniter.php(412): CodeIgniter\CodeIgniter->runController(Object(App\Controllers\Dashboard))
#6 C:\wamp64\www\datehunter777\system\CodeIgniter.php(320): CodeIgniter\CodeIgniter->handleRequest(NULL, Object(Config\Cache), false)
#7 C:\wamp64\www\datehunter777\public\index.php(37): CodeIgniter\CodeIgniter->run()
#8 {main}
CRITICAL - 2022-01-16 14:29:30 --> There is no data to insert.
#0 C:\wamp64\www\datehunter777\system\BaseModel.php(1574): CodeIgniter\Database\Exceptions\DataException::forEmptyDataset('insert')
#1 C:\wamp64\www\datehunter777\system\BaseModel.php(704): CodeIgniter\BaseModel->transformDataToArray(Array, 'insert')
#2 C:\wamp64\www\datehunter777\system\Model.php(625): CodeIgniter\BaseModel->insert(Array, true)
#3 C:\wamp64\www\datehunter777\app\Controllers\Dashboard.php(81): CodeIgniter\Model->insert(Array)
#4 C:\wamp64\www\datehunter777\system\CodeIgniter.php(825): App\Controllers\Dashboard->inserir()
#5 C:\wamp64\www\datehunter777\system\CodeIgniter.php(412): CodeIgniter\CodeIgniter->runController(Object(App\Controllers\Dashboard))
#6 C:\wamp64\www\datehunter777\system\CodeIgniter.php(320): CodeIgniter\CodeIgniter->handleRequest(NULL, Object(Config\Cache), false)
#7 C:\wamp64\www\datehunter777\public\index.php(37): CodeIgniter\CodeIgniter->run()
#8 {main}
CRITICAL - 2022-01-16 14:30:02 --> There is no data to insert.
#0 C:\wamp64\www\datehunter777\system\BaseModel.php(1574): CodeIgniter\Database\Exceptions\DataException::forEmptyDataset('insert')
#1 C:\wamp64\www\datehunter777\system\BaseModel.php(704): CodeIgniter\BaseModel->transformDataToArray(Array, 'insert')
#2 C:\wamp64\www\datehunter777\system\Model.php(625): CodeIgniter\BaseModel->insert(Array, true)
#3 C:\wamp64\www\datehunter777\app\Controllers\Dashboard.php(81): CodeIgniter\Model->insert(Array)
#4 C:\wamp64\www\datehunter777\system\CodeIgniter.php(825): App\Controllers\Dashboard->inserir()
#5 C:\wamp64\www\datehunter777\system\CodeIgniter.php(412): CodeIgniter\CodeIgniter->runController(Object(App\Controllers\Dashboard))
#6 C:\wamp64\www\datehunter777\system\CodeIgniter.php(320): CodeIgniter\CodeIgniter->handleRequest(NULL, Object(Config\Cache), false)
#7 C:\wamp64\www\datehunter777\public\index.php(37): CodeIgniter\CodeIgniter->run()
#8 {main}
CRITICAL - 2022-01-16 14:30:32 --> There is no data to insert.
#0 C:\wamp64\www\datehunter777\system\BaseModel.php(1574): CodeIgniter\Database\Exceptions\DataException::forEmptyDataset('insert')
#1 C:\wamp64\www\datehunter777\system\BaseModel.php(704): CodeIgniter\BaseModel->transformDataToArray(Array, 'insert')
#2 C:\wamp64\www\datehunter777\system\Model.php(625): CodeIgniter\BaseModel->insert(Array, true)
#3 C:\wamp64\www\datehunter777\app\Controllers\Dashboard.php(81): CodeIgniter\Model->insert(Array)
#4 C:\wamp64\www\datehunter777\system\CodeIgniter.php(825): App\Controllers\Dashboard->inserir()
#5 C:\wamp64\www\datehunter777\system\CodeIgniter.php(412): CodeIgniter\CodeIgniter->runController(Object(App\Controllers\Dashboard))
#6 C:\wamp64\www\datehunter777\system\CodeIgniter.php(320): CodeIgniter\CodeIgniter->handleRequest(NULL, Object(Config\Cache), false)
#7 C:\wamp64\www\datehunter777\public\index.php(37): CodeIgniter\CodeIgniter->run()
#8 {main}
CRITICAL - 2022-01-16 14:31:48 --> Invalid argument supplied for foreach()
#0 C:\wamp64\www\datehunter777\app\Views\insert_product_view.php(23): CodeIgniter\Debug\Exceptions->errorHandler(2, 'Invalid argumen...', 'C:\\wamp64\\www\\d...', 23, Array)
#1 C:\wamp64\www\datehunter777\system\View\View.php(210): include('C:\\wamp64\\www\\d...')
#2 C:\wamp64\www\datehunter777\system\View\View.php(213): CodeIgniter\View\View->CodeIgniter\View\{closure}()
#3 C:\wamp64\www\datehunter777\system\Common.php(1089): CodeIgniter\View\View->render('insert_product_...', Array, true)
#4 C:\wamp64\www\datehunter777\app\Controllers\Dashboard.php(95): view('insert_product_...', Array)
#5 C:\wamp64\www\datehunter777\system\CodeIgniter.php(825): App\Controllers\Dashboard->inserir()
#6 C:\wamp64\www\datehunter777\system\CodeIgniter.php(412): CodeIgniter\CodeIgniter->runController(Object(App\Controllers\Dashboard))
#7 C:\wamp64\www\datehunter777\system\CodeIgniter.php(320): CodeIgniter\CodeIgniter->handleRequest(NULL, Object(Config\Cache), false)
#8 C:\wamp64\www\datehunter777\public\index.php(37): CodeIgniter\CodeIgniter->run()
#9 {main}
CRITICAL - 2022-01-16 14:35:05 --> Undefined variable: _SESSION
#0 C:\wamp64\www\datehunter777\app\Views\insert_product_view.php(49): CodeIgniter\Debug\Exceptions->errorHandler(8, 'Undefined varia...', 'C:\\wamp64\\www\\d...', 49, Array)
#1 C:\wamp64\www\datehunter777\system\View\View.php(210): include('C:\\wamp64\\www\\d...')
#2 C:\wamp64\www\datehunter777\system\View\View.php(213): CodeIgniter\View\View->CodeIgniter\View\{closure}()
#3 C:\wamp64\www\datehunter777\system\Common.php(1089): CodeIgniter\View\View->render('insert_product_...', Array, true)
#4 C:\wamp64\www\datehunter777\app\Controllers\Dashboard.php(94): view('insert_product_...', Array)
#5 C:\wamp64\www\datehunter777\system\CodeIgniter.php(825): App\Controllers\Dashboard->inserir()
#6 C:\wamp64\www\datehunter777\system\CodeIgniter.php(412): CodeIgniter\CodeIgniter->runController(Object(App\Controllers\Dashboard))
#7 C:\wamp64\www\datehunter777\system\CodeIgniter.php(320): CodeIgniter\CodeIgniter->handleRequest(NULL, Object(Config\Cache), false)
#8 C:\wamp64\www\datehunter777\public\index.php(37): CodeIgniter\CodeIgniter->run()
#9 {main}
CRITICAL - 2022-01-16 14:35:14 --> Undefined variable: _SESSION
#0 C:\wamp64\www\datehunter777\app\Views\insert_product_view.php(49): CodeIgniter\Debug\Exceptions->errorHandler(8, 'Undefined varia...', 'C:\\wamp64\\www\\d...', 49, Array)
#1 C:\wamp64\www\datehunter777\system\View\View.php(210): include('C:\\wamp64\\www\\d...')
#2 C:\wamp64\www\datehunter777\system\View\View.php(213): CodeIgniter\View\View->CodeIgniter\View\{closure}()
#3 C:\wamp64\www\datehunter777\system\Common.php(1089): CodeIgniter\View\View->render('insert_product_...', Array, true)
#4 C:\wamp64\www\datehunter777\app\Controllers\Dashboard.php(94): view('insert_product_...', Array)
#5 C:\wamp64\www\datehunter777\system\CodeIgniter.php(825): App\Controllers\Dashboard->inserir()
#6 C:\wamp64\www\datehunter777\system\CodeIgniter.php(412): CodeIgniter\CodeIgniter->runController(Object(App\Controllers\Dashboard))
#7 C:\wamp64\www\datehunter777\system\CodeIgniter.php(320): CodeIgniter\CodeIgniter->handleRequest(NULL, Object(Config\Cache), false)
#8 C:\wamp64\www\datehunter777\public\index.php(37): CodeIgniter\CodeIgniter->run()
#9 {main}
CRITICAL - 2022-01-16 17:36:54 --> Undefined variable: _SESSION
#0 C:\wamp64\www\datehunter777\app\Controllers\Dashboard.php(77): CodeIgniter\Debug\Exceptions->errorHandler(8, 'Undefined varia...', 'C:\\wamp64\\www\\d...', 77, Array)
#1 C:\wamp64\www\datehunter777\system\CodeIgniter.php(825): App\Controllers\Dashboard->inserir()
#2 C:\wamp64\www\datehunter777\system\CodeIgniter.php(412): CodeIgniter\CodeIgniter->runController(Object(App\Controllers\Dashboard))
#3 C:\wamp64\www\datehunter777\system\CodeIgniter.php(320): CodeIgniter\CodeIgniter->handleRequest(NULL, Object(Config\Cache), false)
#4 C:\wamp64\www\datehunter777\public\index.php(37): CodeIgniter\CodeIgniter->run()
#5 {main}
CRITICAL - 2022-01-16 17:37:06 --> There is no data to insert.
#0 C:\wamp64\www\datehunter777\system\BaseModel.php(1574): CodeIgniter\Database\Exceptions\DataException::forEmptyDataset('insert')
#1 C:\wamp64\www\datehunter777\system\BaseModel.php(704): CodeIgniter\BaseModel->transformDataToArray(Array, 'insert')
#2 C:\wamp64\www\datehunter777\system\Model.php(625): CodeIgniter\BaseModel->insert(Array, true)
#3 C:\wamp64\www\datehunter777\app\Controllers\Dashboard.php(84): CodeIgniter\Model->insert(Array)
#4 C:\wamp64\www\datehunter777\system\CodeIgniter.php(825): App\Controllers\Dashboard->inserir()
#5 C:\wamp64\www\datehunter777\system\CodeIgniter.php(412): CodeIgniter\CodeIgniter->runController(Object(App\Controllers\Dashboard))
#6 C:\wamp64\www\datehunter777\system\CodeIgniter.php(320): CodeIgniter\CodeIgniter->handleRequest(NULL, Object(Config\Cache), false)
#7 C:\wamp64\www\datehunter777\public\index.php(37): CodeIgniter\CodeIgniter->run()
#8 {main}
CRITICAL - 2022-01-16 17:37:54 --> There is no data to insert.
#0 C:\wamp64\www\datehunter777\system\BaseModel.php(1574): CodeIgniter\Database\Exceptions\DataException::forEmptyDataset('insert')
#1 C:\wamp64\www\datehunter777\system\BaseModel.php(704): CodeIgniter\BaseModel->transformDataToArray(Array, 'insert')
#2 C:\wamp64\www\datehunter777\system\Model.php(625): CodeIgniter\BaseModel->insert(Array, true)
#3 C:\wamp64\www\datehunter777\app\Controllers\Dashboard.php(84): CodeIgniter\Model->insert(Array)
#4 C:\wamp64\www\datehunter777\system\CodeIgniter.php(825): App\Controllers\Dashboard->inserir()
#5 C:\wamp64\www\datehunter777\system\CodeIgniter.php(412): CodeIgniter\CodeIgniter->runController(Object(App\Controllers\Dashboard))
#6 C:\wamp64\www\datehunter777\system\CodeIgniter.php(320): CodeIgniter\CodeIgniter->handleRequest(NULL, Object(Config\Cache), false)
#7 C:\wamp64\www\datehunter777\public\index.php(37): CodeIgniter\CodeIgniter->run()
#8 {main}
CRITICAL - 2022-01-16 17:38:23 --> There is no data to insert.
#0 C:\wamp64\www\datehunter777\system\BaseModel.php(1574): CodeIgniter\Database\Exceptions\DataException::forEmptyDataset('insert')
#1 C:\wamp64\www\datehunter777\system\BaseModel.php(704): CodeIgniter\BaseModel->transformDataToArray(Array, 'insert')
#2 C:\wamp64\www\datehunter777\system\Model.php(625): CodeIgniter\BaseModel->insert(Array, true)
#3 C:\wamp64\www\datehunter777\app\Controllers\Dashboard.php(84): CodeIgniter\Model->insert(Array)
#4 C:\wamp64\www\datehunter777\system\CodeIgniter.php(825): App\Controllers\Dashboard->inserir()
#5 C:\wamp64\www\datehunter777\system\CodeIgniter.php(412): CodeIgniter\CodeIgniter->runController(Object(App\Controllers\Dashboard))
#6 C:\wamp64\www\datehunter777\system\CodeIgniter.php(320): CodeIgniter\CodeIgniter->handleRequest(NULL, Object(Config\Cache), false)
#7 C:\wamp64\www\datehunter777\public\index.php(37): CodeIgniter\CodeIgniter->run()
#8 {main}
CRITICAL - 2022-01-16 17:39:15 --> There is no data to insert.
#0 C:\wamp64\www\datehunter777\system\BaseModel.php(1574): CodeIgniter\Database\Exceptions\DataException::forEmptyDataset('insert')
#1 C:\wamp64\www\datehunter777\system\BaseModel.php(704): CodeIgniter\BaseModel->transformDataToArray(Array, 'insert')
#2 C:\wamp64\www\datehunter777\system\Model.php(625): CodeIgniter\BaseModel->insert(Array, true)
#3 C:\wamp64\www\datehunter777\app\Controllers\Dashboard.php(85): CodeIgniter\Model->insert(Array)
#4 C:\wamp64\www\datehunter777\system\CodeIgniter.php(825): App\Controllers\Dashboard->inserir()
#5 C:\wamp64\www\datehunter777\system\CodeIgniter.php(412): CodeIgniter\CodeIgniter->runController(Object(App\Controllers\Dashboard))
#6 C:\wamp64\www\datehunter777\system\CodeIgniter.php(320): CodeIgniter\CodeIgniter->handleRequest(NULL, Object(Config\Cache), false)
#7 C:\wamp64\www\datehunter777\public\index.php(37): CodeIgniter\CodeIgniter->run()
#8 {main}
CRITICAL - 2022-01-16 17:39:32 --> There is no data to insert.
#0 C:\wamp64\www\datehunter777\system\BaseModel.php(1574): CodeIgniter\Database\Exceptions\DataException::forEmptyDataset('insert')
#1 C:\wamp64\www\datehunter777\system\BaseModel.php(704): CodeIgniter\BaseModel->transformDataToArray(Array, 'insert')
#2 C:\wamp64\www\datehunter777\system\Model.php(625): CodeIgniter\BaseModel->insert(Array, true)
#3 C:\wamp64\www\datehunter777\app\Controllers\Dashboard.php(85): CodeIgniter\Model->insert(Array)
#4 C:\wamp64\www\datehunter777\system\CodeIgniter.php(825): App\Controllers\Dashboard->inserir()
#5 C:\wamp64\www\datehunter777\system\CodeIgniter.php(412): CodeIgniter\CodeIgniter->runController(Object(App\Controllers\Dashboard))
#6 C:\wamp64\www\datehunter777\system\CodeIgniter.php(320): CodeIgniter\CodeIgniter->handleRequest(NULL, Object(Config\Cache), false)
#7 C:\wamp64\www\datehunter777\public\index.php(37): CodeIgniter\CodeIgniter->run()
#8 {main}
CRITICAL - 2022-01-16 17:40:33 --> There is no data to insert.
#0 C:\wamp64\www\datehunter777\system\BaseModel.php(1574): CodeIgniter\Database\Exceptions\DataException::forEmptyDataset('insert')
#1 C:\wamp64\www\datehunter777\system\BaseModel.php(704): CodeIgniter\BaseModel->transformDataToArray(Array, 'insert')
#2 C:\wamp64\www\datehunter777\system\Model.php(625): CodeIgniter\BaseModel->insert(Array, true)
#3 C:\wamp64\www\datehunter777\app\Controllers\Dashboard.php(85): CodeIgniter\Model->insert(Array)
#4 C:\wamp64\www\datehunter777\system\CodeIgniter.php(825): App\Controllers\Dashboard->inserir()
#5 C:\wamp64\www\datehunter777\system\CodeIgniter.php(412): CodeIgniter\CodeIgniter->runController(Object(App\Controllers\Dashboard))
#6 C:\wamp64\www\datehunter777\system\CodeIgniter.php(320): CodeIgniter\CodeIgniter->handleRequest(NULL, Object(Config\Cache), false)
#7 C:\wamp64\www\datehunter777\public\index.php(37): CodeIgniter\CodeIgniter->run()
#8 {main}
CRITICAL - 2022-01-16 17:41:13 --> There is no data to insert.
#0 C:\wamp64\www\datehunter777\system\BaseModel.php(1574): CodeIgniter\Database\Exceptions\DataException::forEmptyDataset('insert')
#1 C:\wamp64\www\datehunter777\system\BaseModel.php(704): CodeIgniter\BaseModel->transformDataToArray(Array, 'insert')
#2 C:\wamp64\www\datehunter777\system\Model.php(625): CodeIgniter\BaseModel->insert(Array, true)
#3 C:\wamp64\www\datehunter777\app\Controllers\Dashboard.php(85): CodeIgniter\Model->insert(Array)
#4 C:\wamp64\www\datehunter777\system\CodeIgniter.php(825): App\Controllers\Dashboard->inserir()
#5 C:\wamp64\www\datehunter777\system\CodeIgniter.php(412): CodeIgniter\CodeIgniter->runController(Object(App\Controllers\Dashboard))
#6 C:\wamp64\www\datehunter777\system\CodeIgniter.php(320): CodeIgniter\CodeIgniter->handleRequest(NULL, Object(Config\Cache), false)
#7 C:\wamp64\www\datehunter777\public\index.php(37): CodeIgniter\CodeIgniter->run()
#8 {main}
CRITICAL - 2022-01-16 17:42:47 --> There is no data to insert.
#0 C:\wamp64\www\datehunter777\system\BaseModel.php(1574): CodeIgniter\Database\Exceptions\DataException::forEmptyDataset('insert')
#1 C:\wamp64\www\datehunter777\system\BaseModel.php(704): CodeIgniter\BaseModel->transformDataToArray(Array, 'insert')
#2 C:\wamp64\www\datehunter777\system\Model.php(625): CodeIgniter\BaseModel->insert(Array, true)
#3 C:\wamp64\www\datehunter777\app\Controllers\Dashboard.php(85): CodeIgniter\Model->insert(Array)
#4 C:\wamp64\www\datehunter777\system\CodeIgniter.php(825): App\Controllers\Dashboard->inserir()
#5 C:\wamp64\www\datehunter777\system\CodeIgniter.php(412): CodeIgniter\CodeIgniter->runController(Object(App\Controllers\Dashboard))
#6 C:\wamp64\www\datehunter777\system\CodeIgniter.php(320): CodeIgniter\CodeIgniter->handleRequest(NULL, Object(Config\Cache), false)
#7 C:\wamp64\www\datehunter777\public\index.php(37): CodeIgniter\CodeIgniter->run()
#8 {main}
CRITICAL - 2022-01-16 17:42:49 --> There is no data to insert.
#0 C:\wamp64\www\datehunter777\system\BaseModel.php(1574): CodeIgniter\Database\Exceptions\DataException::forEmptyDataset('insert')
#1 C:\wamp64\www\datehunter777\system\BaseModel.php(704): CodeIgniter\BaseModel->transformDataToArray(Array, 'insert')
#2 C:\wamp64\www\datehunter777\system\Model.php(625): CodeIgniter\BaseModel->insert(Array, true)
#3 C:\wamp64\www\datehunter777\app\Controllers\Dashboard.php(85): CodeIgniter\Model->insert(Array)
#4 C:\wamp64\www\datehunter777\system\CodeIgniter.php(825): App\Controllers\Dashboard->inserir()
#5 C:\wamp64\www\datehunter777\system\CodeIgniter.php(412): CodeIgniter\CodeIgniter->runController(Object(App\Controllers\Dashboard))
#6 C:\wamp64\www\datehunter777\system\CodeIgniter.php(320): CodeIgniter\CodeIgniter->handleRequest(NULL, Object(Config\Cache), false)
#7 C:\wamp64\www\datehunter777\public\index.php(37): CodeIgniter\CodeIgniter->run()
#8 {main}
CRITICAL - 2022-01-16 17:43:25 --> Undefined variable: _SESSION
#0 C:\wamp64\www\datehunter777\app\Controllers\Dashboard.php(78): CodeIgniter\Debug\Exceptions->errorHandler(8, 'Undefined varia...', 'C:\\wamp64\\www\\d...', 78, Array)
#1 C:\wamp64\www\datehunter777\system\CodeIgniter.php(825): App\Controllers\Dashboard->inserir()
#2 C:\wamp64\www\datehunter777\system\CodeIgniter.php(412): CodeIgniter\CodeIgniter->runController(Object(App\Controllers\Dashboard))
#3 C:\wamp64\www\datehunter777\system\CodeIgniter.php(320): CodeIgniter\CodeIgniter->handleRequest(NULL, Object(Config\Cache), false)
#4 C:\wamp64\www\datehunter777\public\index.php(37): CodeIgniter\CodeIgniter->run()
#5 {main}
CRITICAL - 2022-01-16 17:54:35 --> There is no data to insert.
#0 C:\wamp64\www\datehunter777\system\BaseModel.php(1574): CodeIgniter\Database\Exceptions\DataException::forEmptyDataset('insert')
#1 C:\wamp64\www\datehunter777\system\BaseModel.php(704): CodeIgniter\BaseModel->transformDataToArray(Array, 'insert')
#2 C:\wamp64\www\datehunter777\system\Model.php(625): CodeIgniter\BaseModel->insert(Array, true)
#3 C:\wamp64\www\datehunter777\app\Controllers\Dashboard.php(81): CodeIgniter\Model->insert(Array)
#4 C:\wamp64\www\datehunter777\system\CodeIgniter.php(825): App\Controllers\Dashboard->inserir()
#5 C:\wamp64\www\datehunter777\system\CodeIgniter.php(412): CodeIgniter\CodeIgniter->runController(Object(App\Controllers\Dashboard))
#6 C:\wamp64\www\datehunter777\system\CodeIgniter.php(320): CodeIgniter\CodeIgniter->handleRequest(NULL, Object(Config\Cache), false)
#7 C:\wamp64\www\datehunter777\public\index.php(37): CodeIgniter\CodeIgniter->run()
#8 {main}
CRITICAL - 2022-01-16 17:58:05 --> Undefined property: CodeIgniter\HTTP\IncomingRequest::$getUri
#0 C:\wamp64\www\datehunter777\app\Controllers\Dashboard.php(80): CodeIgniter\Debug\Exceptions->errorHandler(8, 'Undefined prope...', 'C:\\wamp64\\www\\d...', 80, Array)
#1 C:\wamp64\www\datehunter777\system\CodeIgniter.php(825): App\Controllers\Dashboard->inserir()
#2 C:\wamp64\www\datehunter777\system\CodeIgniter.php(412): CodeIgniter\CodeIgniter->runController(Object(App\Controllers\Dashboard))
#3 C:\wamp64\www\datehunter777\system\CodeIgniter.php(320): CodeIgniter\CodeIgniter->handleRequest(NULL, Object(Config\Cache), false)
#4 C:\wamp64\www\datehunter777\public\index.php(37): CodeIgniter\CodeIgniter->run()
#5 {main}
CRITICAL - 2022-01-16 18:00:25 --> There is no data to insert.
#0 C:\wamp64\www\datehunter777\system\BaseModel.php(1574): CodeIgniter\Database\Exceptions\DataException::forEmptyDataset('insert')
#1 C:\wamp64\www\datehunter777\system\BaseModel.php(704): CodeIgniter\BaseModel->transformDataToArray(Array, 'insert')
#2 C:\wamp64\www\datehunter777\system\Model.php(625): CodeIgniter\BaseModel->insert(Array, true)
#3 C:\wamp64\www\datehunter777\app\Controllers\Dashboard.php(87): CodeIgniter\Model->insert(Array)
#4 C:\wamp64\www\datehunter777\system\CodeIgniter.php(825): App\Controllers\Dashboard->inserir()
#5 C:\wamp64\www\datehunter777\system\CodeIgniter.php(412): CodeIgniter\CodeIgniter->runController(Object(App\Controllers\Dashboard))
#6 C:\wamp64\www\datehunter777\system\CodeIgniter.php(320): CodeIgniter\CodeIgniter->handleRequest(NULL, Object(Config\Cache), false)
#7 C:\wamp64\www\datehunter777\public\index.php(37): CodeIgniter\CodeIgniter->run()
#8 {main}
CRITICAL - 2022-01-16 18:01:12 --> There is no data to insert.
#0 C:\wamp64\www\datehunter777\system\BaseModel.php(1574): CodeIgniter\Database\Exceptions\DataException::forEmptyDataset('insert')
#1 C:\wamp64\www\datehunter777\system\BaseModel.php(704): CodeIgniter\BaseModel->transformDataToArray(Array, 'insert')
#2 C:\wamp64\www\datehunter777\system\Model.php(625): CodeIgniter\BaseModel->insert(Array, true)
#3 C:\wamp64\www\datehunter777\app\Controllers\Dashboard.php(87): CodeIgniter\Model->insert(Array)
#4 C:\wamp64\www\datehunter777\system\CodeIgniter.php(825): App\Controllers\Dashboard->inserir()
#5 C:\wamp64\www\datehunter777\system\CodeIgniter.php(412): CodeIgniter\CodeIgniter->runController(Object(App\Controllers\Dashboard))
#6 C:\wamp64\www\datehunter777\system\CodeIgniter.php(320): CodeIgniter\CodeIgniter->handleRequest(NULL, Object(Config\Cache), false)
#7 C:\wamp64\www\datehunter777\public\index.php(37): CodeIgniter\CodeIgniter->run()
#8 {main}
CRITICAL - 2022-01-16 18:01:24 --> There is no data to insert.
#0 C:\wamp64\www\datehunter777\system\BaseModel.php(1574): CodeIgniter\Database\Exceptions\DataException::forEmptyDataset('insert')
#1 C:\wamp64\www\datehunter777\system\BaseModel.php(704): CodeIgniter\BaseModel->transformDataToArray(Array, 'insert')
#2 C:\wamp64\www\datehunter777\system\Model.php(625): CodeIgniter\BaseModel->insert(Array, true)
#3 C:\wamp64\www\datehunter777\app\Controllers\Dashboard.php(87): CodeIgniter\Model->insert(Array)
#4 C:\wamp64\www\datehunter777\system\CodeIgniter.php(825): App\Controllers\Dashboard->inserir()
#5 C:\wamp64\www\datehunter777\system\CodeIgniter.php(412): CodeIgniter\CodeIgniter->runController(Object(App\Controllers\Dashboard))
#6 C:\wamp64\www\datehunter777\system\CodeIgniter.php(320): CodeIgniter\CodeIgniter->handleRequest(NULL, Object(Config\Cache), false)
#7 C:\wamp64\www\datehunter777\public\index.php(37): CodeIgniter\CodeIgniter->run()
#8 {main}
CRITICAL - 2022-01-16 18:01:25 --> There is no data to insert.
#0 C:\wamp64\www\datehunter777\system\BaseModel.php(1574): CodeIgniter\Database\Exceptions\DataException::forEmptyDataset('insert')
#1 C:\wamp64\www\datehunter777\system\BaseModel.php(704): CodeIgniter\BaseModel->transformDataToArray(Array, 'insert')
#2 C:\wamp64\www\datehunter777\system\Model.php(625): CodeIgniter\BaseModel->insert(Array, true)
#3 C:\wamp64\www\datehunter777\app\Controllers\Dashboard.php(87): CodeIgniter\Model->insert(Array)
#4 C:\wamp64\www\datehunter777\system\CodeIgniter.php(825): App\Controllers\Dashboard->inserir()
#5 C:\wamp64\www\datehunter777\system\CodeIgniter.php(412): CodeIgniter\CodeIgniter->runController(Object(App\Controllers\Dashboard))
#6 C:\wamp64\www\datehunter777\system\CodeIgniter.php(320): CodeIgniter\CodeIgniter->handleRequest(NULL, Object(Config\Cache), false)
#7 C:\wamp64\www\datehunter777\public\index.php(37): CodeIgniter\CodeIgniter->run()
#8 {main}
CRITICAL - 2022-01-16 18:03:33 --> Call to undefined method CodeIgniter\HTTP\IncomingRequest::getOption()
#0 C:\wamp64\www\datehunter777\system\CodeIgniter.php(825): App\Controllers\Dashboard->inserir()
#1 C:\wamp64\www\datehunter777\system\CodeIgniter.php(412): CodeIgniter\CodeIgniter->runController(Object(App\Controllers\Dashboard))
#2 C:\wamp64\www\datehunter777\system\CodeIgniter.php(320): CodeIgniter\CodeIgniter->handleRequest(NULL, Object(Config\Cache), false)
#3 C:\wamp64\www\datehunter777\public\index.php(37): CodeIgniter\CodeIgniter->run()
#4 {main}
CRITICAL - 2022-01-16 18:03:40 --> Call to undefined method CodeIgniter\HTTP\IncomingRequest::getOption()
#0 C:\wamp64\www\datehunter777\system\CodeIgniter.php(825): App\Controllers\Dashboard->inserir()
#1 C:\wamp64\www\datehunter777\system\CodeIgniter.php(412): CodeIgniter\CodeIgniter->runController(Object(App\Controllers\Dashboard))
#2 C:\wamp64\www\datehunter777\system\CodeIgniter.php(320): CodeIgniter\CodeIgniter->handleRequest(NULL, Object(Config\Cache), false)
#3 C:\wamp64\www\datehunter777\public\index.php(37): CodeIgniter\CodeIgniter->run()
#4 {main}
CRITICAL - 2022-01-16 18:03:45 --> Call to undefined method CodeIgniter\HTTP\IncomingRequest::getOption()
#0 C:\wamp64\www\datehunter777\system\CodeIgniter.php(825): App\Controllers\Dashboard->inserir()
#1 C:\wamp64\www\datehunter777\system\CodeIgniter.php(412): CodeIgniter\CodeIgniter->runController(Object(App\Controllers\Dashboard))
#2 C:\wamp64\www\datehunter777\system\CodeIgniter.php(320): CodeIgniter\CodeIgniter->handleRequest(NULL, Object(Config\Cache), false)
#3 C:\wamp64\www\datehunter777\public\index.php(37): CodeIgniter\CodeIgniter->run()
#4 {main}
CRITICAL - 2022-01-16 18:12:37 --> Call to undefined method CodeIgniter\HTTP\IncomingRequest::getOptions()
#0 C:\wamp64\www\datehunter777\system\CodeIgniter.php(825): App\Controllers\Dashboard->inserir()
#1 C:\wamp64\www\datehunter777\system\CodeIgniter.php(412): CodeIgniter\CodeIgniter->runController(Object(App\Controllers\Dashboard))
#2 C:\wamp64\www\datehunter777\system\CodeIgniter.php(320): CodeIgniter\CodeIgniter->handleRequest(NULL, Object(Config\Cache), false)
#3 C:\wamp64\www\datehunter777\public\index.php(37): CodeIgniter\CodeIgniter->run()
#4 {main}
CRITICAL - 2022-01-16 18:19:41 --> Call to undefined method CodeIgniter\HTTP\IncomingRequest::getOptions()
#0 C:\wamp64\www\datehunter777\system\CodeIgniter.php(825): App\Controllers\Dashboard->inserir()
#1 C:\wamp64\www\datehunter777\system\CodeIgniter.php(412): CodeIgniter\CodeIgniter->runController(Object(App\Controllers\Dashboard))
#2 C:\wamp64\www\datehunter777\system\CodeIgniter.php(320): CodeIgniter\CodeIgniter->handleRequest(NULL, Object(Config\Cache), false)
#3 C:\wamp64\www\datehunter777\public\index.php(37): CodeIgniter\CodeIgniter->run()
#4 {main}
CRITICAL - 2022-01-16 18:21:53 --> Undefined index: HTTP_REFERER
#0 C:\wamp64\www\datehunter777\app\Controllers\Dashboard.php(80): CodeIgniter\Debug\Exceptions->errorHandler(8, 'Undefined index...', 'C:\\wamp64\\www\\d...', 80, Array)
#1 C:\wamp64\www\datehunter777\system\CodeIgniter.php(825): App\Controllers\Dashboard->inserir()
#2 C:\wamp64\www\datehunter777\system\CodeIgniter.php(412): CodeIgniter\CodeIgniter->runController(Object(App\Controllers\Dashboard))
#3 C:\wamp64\www\datehunter777\system\CodeIgniter.php(320): CodeIgniter\CodeIgniter->handleRequest(NULL, Object(Config\Cache), false)
#4 C:\wamp64\www\datehunter777\public\index.php(37): CodeIgniter\CodeIgniter->run()
#5 {main}
CRITICAL - 2022-01-16 18:23:59 --> Undefined index: HTTP_REFERER
#0 C:\wamp64\www\datehunter777\app\Controllers\Dashboard.php(80): CodeIgniter\Debug\Exceptions->errorHandler(8, 'Undefined index...', 'C:\\wamp64\\www\\d...', 80, Array)
#1 C:\wamp64\www\datehunter777\system\CodeIgniter.php(825): App\Controllers\Dashboard->inserir()
#2 C:\wamp64\www\datehunter777\system\CodeIgniter.php(412): CodeIgniter\CodeIgniter->runController(Object(App\Controllers\Dashboard))
#3 C:\wamp64\www\datehunter777\system\CodeIgniter.php(320): CodeIgniter\CodeIgniter->handleRequest(NULL, Object(Config\Cache), false)
#4 C:\wamp64\www\datehunter777\public\index.php(37): CodeIgniter\CodeIgniter->run()
#5 {main}
CRITICAL - 2022-01-16 18:28:01 --> Undefined index: HTTP_REFEREr
#0 C:\wamp64\www\datehunter777\app\Controllers\Dashboard.php(84): CodeIgniter\Debug\Exceptions->errorHandler(8, 'Undefined index...', 'C:\\wamp64\\www\\d...', 84, Array)
#1 C:\wamp64\www\datehunter777\system\CodeIgniter.php(825): App\Controllers\Dashboard->inserir()
#2 C:\wamp64\www\datehunter777\system\CodeIgniter.php(412): CodeIgniter\CodeIgniter->runController(Object(App\Controllers\Dashboard))
#3 C:\wamp64\www\datehunter777\system\CodeIgniter.php(320): CodeIgniter\CodeIgniter->handleRequest(NULL, Object(Config\Cache), false)
#4 C:\wamp64\www\datehunter777\public\index.php(37): CodeIgniter\CodeIgniter->run()
#5 {main}
CRITICAL - 2022-01-16 18:28:10 --> Undefined index: HTTP_REFERER
#0 C:\wamp64\www\datehunter777\app\Controllers\Dashboard.php(84): CodeIgniter\Debug\Exceptions->errorHandler(8, 'Undefined index...', 'C:\\wamp64\\www\\d...', 84, Array)
#1 C:\wamp64\www\datehunter777\system\CodeIgniter.php(825): App\Controllers\Dashboard->inserir()
#2 C:\wamp64\www\datehunter777\system\CodeIgniter.php(412): CodeIgniter\CodeIgniter->runController(Object(App\Controllers\Dashboard))
#3 C:\wamp64\www\datehunter777\system\CodeIgniter.php(320): CodeIgniter\CodeIgniter->handleRequest(NULL, Object(Config\Cache), false)
#4 C:\wamp64\www\datehunter777\public\index.php(37): CodeIgniter\CodeIgniter->run()
#5 {main}
CRITICAL - 2022-01-16 18:28:18 --> Undefined index: HTTP_REFERER
#0 C:\wamp64\www\datehunter777\app\Controllers\Dashboard.php(84): CodeIgniter\Debug\Exceptions->errorHandler(8, 'Undefined index...', 'C:\\wamp64\\www\\d...', 84, Array)
#1 C:\wamp64\www\datehunter777\system\CodeIgniter.php(825): App\Controllers\Dashboard->inserir()
#2 C:\wamp64\www\datehunter777\system\CodeIgniter.php(412): CodeIgniter\CodeIgniter->runController(Object(App\Controllers\Dashboard))
#3 C:\wamp64\www\datehunter777\system\CodeIgniter.php(320): CodeIgniter\CodeIgniter->handleRequest(NULL, Object(Config\Cache), false)
#4 C:\wamp64\www\datehunter777\public\index.php(37): CodeIgniter\CodeIgniter->run()
#5 {main}
CRITICAL - 2022-01-16 18:28:56 --> Undefined index: HTTP_REFERER
#0 C:\wamp64\www\datehunter777\app\Controllers\Dashboard.php(84): CodeIgniter\Debug\Exceptions->errorHandler(8, 'Undefined index...', 'C:\\wamp64\\www\\d...', 84, Array)
#1 C:\wamp64\www\datehunter777\system\CodeIgniter.php(825): App\Controllers\Dashboard->inserir()
#2 C:\wamp64\www\datehunter777\system\CodeIgniter.php(412): CodeIgniter\CodeIgniter->runController(Object(App\Controllers\Dashboard))
#3 C:\wamp64\www\datehunter777\system\CodeIgniter.php(320): CodeIgniter\CodeIgniter->handleRequest(NULL, Object(Config\Cache), false)
#4 C:\wamp64\www\datehunter777\public\index.php(37): CodeIgniter\CodeIgniter->run()
#5 {main}
CRITICAL - 2022-01-16 18:38:53 --> There is no data to insert.
#0 C:\wamp64\www\datehunter777\system\BaseModel.php(1574): CodeIgniter\Database\Exceptions\DataException::forEmptyDataset('insert')
#1 C:\wamp64\www\datehunter777\system\BaseModel.php(704): CodeIgniter\BaseModel->transformDataToArray(Array, 'insert')
#2 C:\wamp64\www\datehunter777\system\Model.php(625): CodeIgniter\BaseModel->insert(Array, true)
#3 C:\wamp64\www\datehunter777\app\Controllers\Dashboard.php(83): CodeIgniter\Model->insert(Array)
#4 C:\wamp64\www\datehunter777\system\CodeIgniter.php(825): App\Controllers\Dashboard->inserir()
#5 C:\wamp64\www\datehunter777\system\CodeIgniter.php(412): CodeIgniter\CodeIgniter->runController(Object(App\Controllers\Dashboard))
#6 C:\wamp64\www\datehunter777\system\CodeIgniter.php(320): CodeIgniter\CodeIgniter->handleRequest(NULL, Object(Config\Cache), false)
#7 C:\wamp64\www\datehunter777\public\index.php(37): CodeIgniter\CodeIgniter->run()
#8 {main}
CRITICAL - 2022-01-16 18:39:51 --> There is no data to insert.
#0 C:\wamp64\www\datehunter777\system\BaseModel.php(1574): CodeIgniter\Database\Exceptions\DataException::forEmptyDataset('insert')
#1 C:\wamp64\www\datehunter777\system\BaseModel.php(704): CodeIgniter\BaseModel->transformDataToArray(Array, 'insert')
#2 C:\wamp64\www\datehunter777\system\Model.php(625): CodeIgniter\BaseModel->insert(Array, true)
#3 C:\wamp64\www\datehunter777\app\Controllers\Dashboard.php(83): CodeIgniter\Model->insert(Array)
#4 C:\wamp64\www\datehunter777\system\CodeIgniter.php(825): App\Controllers\Dashboard->inserir()
#5 C:\wamp64\www\datehunter777\system\CodeIgniter.php(412): CodeIgniter\CodeIgniter->runController(Object(App\Controllers\Dashboard))
#6 C:\wamp64\www\datehunter777\system\CodeIgniter.php(320): CodeIgniter\CodeIgniter->handleRequest(NULL, Object(Config\Cache), false)
#7 C:\wamp64\www\datehunter777\public\index.php(37): CodeIgniter\CodeIgniter->run()
#8 {main}
CRITICAL - 2022-01-16 18:40:51 --> There is no data to insert.
#0 C:\wamp64\www\datehunter777\system\BaseModel.php(1574): CodeIgniter\Database\Exceptions\DataException::forEmptyDataset('insert')
#1 C:\wamp64\www\datehunter777\system\BaseModel.php(704): CodeIgniter\BaseModel->transformDataToArray(Array, 'insert')
#2 C:\wamp64\www\datehunter777\system\Model.php(625): CodeIgniter\BaseModel->insert(Array, true)
#3 C:\wamp64\www\datehunter777\app\Controllers\Dashboard.php(83): CodeIgniter\Model->insert(Array)
#4 C:\wamp64\www\datehunter777\system\CodeIgniter.php(825): App\Controllers\Dashboard->inserir()
#5 C:\wamp64\www\datehunter777\system\CodeIgniter.php(412): CodeIgniter\CodeIgniter->runController(Object(App\Controllers\Dashboard))
#6 C:\wamp64\www\datehunter777\system\CodeIgniter.php(320): CodeIgniter\CodeIgniter->handleRequest(NULL, Object(Config\Cache), false)
#7 C:\wamp64\www\datehunter777\public\index.php(37): CodeIgniter\CodeIgniter->run()
#8 {main}
CRITICAL - 2022-01-16 18:44:22 --> Invalid argument supplied for foreach()
#0 C:\wamp64\www\datehunter777\app\Views\insert_product_view.php(23): CodeIgniter\Debug\Exceptions->errorHandler(2, 'Invalid argumen...', 'C:\\wamp64\\www\\d...', 23, Array)
#1 C:\wamp64\www\datehunter777\system\View\View.php(210): include('C:\\wamp64\\www\\d...')
#2 C:\wamp64\www\datehunter777\system\View\View.php(213): CodeIgniter\View\View->CodeIgniter\View\{closure}()
#3 C:\wamp64\www\datehunter777\system\Common.php(1089): CodeIgniter\View\View->render('insert_product_...', Array, true)
#4 C:\wamp64\www\datehunter777\app\Controllers\Dashboard.php(79): view('insert_product_...', Array)
#5 C:\wamp64\www\datehunter777\system\CodeIgniter.php(825): App\Controllers\Dashboard->inserir()
#6 C:\wamp64\www\datehunter777\system\CodeIgniter.php(412): CodeIgniter\CodeIgniter->runController(Object(App\Controllers\Dashboard))
#7 C:\wamp64\www\datehunter777\system\CodeIgniter.php(320): CodeIgniter\CodeIgniter->handleRequest(NULL, Object(Config\Cache), false)
#8 C:\wamp64\www\datehunter777\public\index.php(37): CodeIgniter\CodeIgniter->run()
#9 {main}
CRITICAL - 2022-01-16 18:44:23 --> Invalid argument supplied for foreach()
#0 C:\wamp64\www\datehunter777\app\Views\insert_product_view.php(23): CodeIgniter\Debug\Exceptions->errorHandler(2, 'Invalid argumen...', 'C:\\wamp64\\www\\d...', 23, Array)
#1 C:\wamp64\www\datehunter777\system\View\View.php(210): include('C:\\wamp64\\www\\d...')
#2 C:\wamp64\www\datehunter777\system\View\View.php(213): CodeIgniter\View\View->CodeIgniter\View\{closure}()
#3 C:\wamp64\www\datehunter777\system\Common.php(1089): CodeIgniter\View\View->render('insert_product_...', Array, true)
#4 C:\wamp64\www\datehunter777\app\Controllers\Dashboard.php(79): view('insert_product_...', Array)
#5 C:\wamp64\www\datehunter777\system\CodeIgniter.php(825): App\Controllers\Dashboard->inserir()
#6 C:\wamp64\www\datehunter777\system\CodeIgniter.php(412): CodeIgniter\CodeIgniter->runController(Object(App\Controllers\Dashboard))
#7 C:\wamp64\www\datehunter777\system\CodeIgniter.php(320): CodeIgniter\CodeIgniter->handleRequest(NULL, Object(Config\Cache), false)
#8 C:\wamp64\www\datehunter777\public\index.php(37): CodeIgniter\CodeIgniter->run()
#9 {main}
ERROR - 2022-01-16 18:47:43 --> Cannot add or update a child row: a foreign key constraint fails (`db_datehunter`.`tb_product`, CONSTRAINT `tb_product_ibfk_1` FOREIGN KEY (`id_user`) REFERENCES `tb_user` (`id`) ON DELETE NO ACTION ON UPDATE NO ACTION)
CRITICAL - 2022-01-16 18:47:43 --> Cannot add or update a child row: a foreign key constraint fails (`db_datehunter`.`tb_product`, CONSTRAINT `tb_product_ibfk_1` FOREIGN KEY (`id_user`) REFERENCES `tb_user` (`id`) ON DELETE NO ACTION ON UPDATE NO ACTION)
#0 C:\wamp64\www\datehunter777\system\Database\MySQLi\Connection.php(292): mysqli->query('INSERT INTO `tb...', 0)
#1 C:\wamp64\www\datehunter777\system\Database\BaseConnection.php(670): CodeIgniter\Database\MySQLi\Connection->execute('INSERT INTO `tb...')
#2 C:\wamp64\www\datehunter777\system\Database\BaseConnection.php(598): CodeIgniter\Database\BaseConnection->simpleQuery('INSERT INTO `tb...')
#3 C:\wamp64\www\datehunter777\system\Database\BaseBuilder.php(1771): CodeIgniter\Database\BaseConnection->query('INSERT INTO `tb...', Array, false)
#4 C:\wamp64\www\datehunter777\system\Model.php(239): CodeIgniter\Database\BaseBuilder->insert()
#5 C:\wamp64\www\datehunter777\system\BaseModel.php(738): CodeIgniter\Model->doInsert(Array)
#6 C:\wamp64\www\datehunter777\system\Model.php(625): CodeIgniter\BaseModel->insert(Array, true)
#7 C:\wamp64\www\datehunter777\app\Controllers\Dashboard.php(81): CodeIgniter\Model->insert(Array)
#8 C:\wamp64\www\datehunter777\system\CodeIgniter.php(825): App\Controllers\Dashboard->inserir()
#9 C:\wamp64\www\datehunter777\system\CodeIgniter.php(412): CodeIgniter\CodeIgniter->runController(Object(App\Controllers\Dashboard))
#10 C:\wamp64\www\datehunter777\system\CodeIgniter.php(320): CodeIgniter\CodeIgniter->handleRequest(NULL, Object(Config\Cache), false)
#11 C:\wamp64\www\datehunter777\public\index.php(37): CodeIgniter\CodeIgniter->run()
#12 {main}
ERROR - 2022-01-16 18:48:40 --> Cannot add or update a child row: a foreign key constraint fails (`db_datehunter`.`tb_product`, CONSTRAINT `tb_product_ibfk_1` FOREIGN KEY (`id_user`) REFERENCES `tb_user` (`id`) ON DELETE NO ACTION ON UPDATE NO ACTION)
CRITICAL - 2022-01-16 18:48:40 --> Cannot add or update a child row: a foreign key constraint fails (`db_datehunter`.`tb_product`, CONSTRAINT `tb_product_ibfk_1` FOREIGN KEY (`id_user`) REFERENCES `tb_user` (`id`) ON DELETE NO ACTION ON UPDATE NO ACTION)
#0 C:\wamp64\www\datehunter777\system\Database\MySQLi\Connection.php(292): mysqli->query('INSERT INTO `tb...', 0)
#1 C:\wamp64\www\datehunter777\system\Database\BaseConnection.php(670): CodeIgniter\Database\MySQLi\Connection->execute('INSERT INTO `tb...')
#2 C:\wamp64\www\datehunter777\system\Database\BaseConnection.php(598): CodeIgniter\Database\BaseConnection->simpleQuery('INSERT INTO `tb...')
#3 C:\wamp64\www\datehunter777\system\Database\BaseBuilder.php(1771): CodeIgniter\Database\BaseConnection->query('INSERT INTO `tb...', Array, false)
#4 C:\wamp64\www\datehunter777\system\Model.php(239): CodeIgniter\Database\BaseBuilder->insert()
#5 C:\wamp64\www\datehunter777\system\BaseModel.php(738): CodeIgniter\Model->doInsert(Array)
#6 C:\wamp64\www\datehunter777\system\Model.php(625): CodeIgniter\BaseModel->insert(Array, true)
#7 C:\wamp64\www\datehunter777\app\Controllers\Dashboard.php(83): CodeIgniter\Model->insert(Array)
#8 C:\wamp64\www\datehunter777\system\CodeIgniter.php(825): App\Controllers\Dashboard->inserir()
#9 C:\wamp64\www\datehunter777\system\CodeIgniter.php(412): CodeIgniter\CodeIgniter->runController(Object(App\Controllers\Dashboard))
#10 C:\wamp64\www\datehunter777\system\CodeIgniter.php(320): CodeIgniter\CodeIgniter->handleRequest(NULL, Object(Config\Cache), false)
#11 C:\wamp64\www\datehunter777\public\index.php(37): CodeIgniter\CodeIgniter->run()
#12 {main}
CRITICAL - 2022-01-16 18:52:00 --> Invalid file: login.php
#0 C:\wamp64\www\datehunter777\system\View\View.php(198): CodeIgniter\Exceptions\FrameworkException::forInvalidFile('login.php')
#1 C:\wamp64\www\datehunter777\system\Common.php(1089): CodeIgniter\View\View->render('login', Array, true)
#2 C:\wamp64\www\datehunter777\app\Controllers\Dashboard.php(100): view('login')
#3 C:\wamp64\www\datehunter777\system\CodeIgniter.php(825): App\Controllers\Dashboard->inserir()
#4 C:\wamp64\www\datehunter777\system\CodeIgniter.php(412): CodeIgniter\CodeIgniter->runController(Object(App\Controllers\Dashboard))
#5 C:\wamp64\www\datehunter777\system\CodeIgniter.php(320): CodeIgniter\CodeIgniter->handleRequest(NULL, Object(Config\Cache), false)
#6 C:\wamp64\www\datehunter777\public\index.php(37): CodeIgniter\CodeIgniter->run()
#7 {main}
