ERROR - 2022-01-28 06:42:55 --> Email: sendWithMail throwed mail(): Failed to connect to mailserver at &quot;localhost&quot; port 25, verify your &quot;SMTP&quot; and &quot;smtp_port&quot; setting in php.ini or use ini_set()
CRITICAL - 2022-01-28 06:46:06 --> A non well formed numeric value encountered
#0 C:\wamp64\www\datehunter777\app\Controllers\Dashboard.php(38): CodeIgniter\Debug\Exceptions->errorHandler(8, 'A non well form...', 'C:\\wamp64\\www\\d...', 38, Array)
#1 C:\wamp64\www\datehunter777\system\CodeIgniter.php(825): App\Controllers\Dashboard->index()
#2 C:\wamp64\www\datehunter777\system\CodeIgniter.php(412): CodeIgniter\CodeIgniter->runController(Object(App\Controllers\Dashboard))
#3 C:\wamp64\www\datehunter777\system\CodeIgniter.php(320): CodeIgniter\CodeIgniter->handleRequest(NULL, Object(Config\Cache), false)
#4 C:\wamp64\www\datehunter777\public\index.php(37): CodeIgniter\CodeIgniter->run()
#5 {main}
CRITICAL - 2022-01-28 06:46:27 --> A non well formed numeric value encountered
#0 C:\wamp64\www\datehunter777\app\Controllers\Dashboard.php(38): CodeIgniter\Debug\Exceptions->errorHandler(8, 'A non well form...', 'C:\\wamp64\\www\\d...', 38, Array)
#1 C:\wamp64\www\datehunter777\system\CodeIgniter.php(825): App\Controllers\Dashboard->index()
#2 C:\wamp64\www\datehunter777\system\CodeIgniter.php(412): CodeIgniter\CodeIgniter->runController(Object(App\Controllers\Dashboard))
#3 C:\wamp64\www\datehunter777\system\CodeIgniter.php(320): CodeIgniter\CodeIgniter->handleRequest(NULL, Object(Config\Cache), false)
#4 C:\wamp64\www\datehunter777\public\index.php(37): CodeIgniter\CodeIgniter->run()
#5 {main}
ERROR - 2022-01-28 06:48:21 --> Email: sendWithMail throwed mail(): Failed to connect to mailserver at &quot;localhost&quot; port 25, verify your &quot;SMTP&quot; and &quot;smtp_port&quot; setting in php.ini or use ini_set()
ERROR - 2022-01-28 06:48:53 --> Email: sendWithMail throwed mail(): Failed to connect to mailserver at &quot;localhost&quot; port 25, verify your &quot;SMTP&quot; and &quot;smtp_port&quot; setting in php.ini or use ini_set()
ERROR - 2022-01-28 06:49:34 --> Email: sendWithMail throwed mail(): Failed to connect to mailserver at &quot;localhost&quot; port 25, verify your &quot;SMTP&quot; and &quot;smtp_port&quot; setting in php.ini or use ini_set()
ERROR - 2022-01-28 06:51:19 --> Email: sendWithMail throwed mail(): Failed to connect to mailserver at &quot;localhost&quot; port 25, verify your &quot;SMTP&quot; and &quot;smtp_port&quot; setting in php.ini or use ini_set()
ERROR - 2022-01-28 06:54:46 --> Email: sendWithMail throwed mail(): Failed to connect to mailserver at &quot;localhost&quot; port 25, verify your &quot;SMTP&quot; and &quot;smtp_port&quot; setting in php.ini or use ini_set()
ERROR - 2022-01-28 06:55:20 --> Email: sendWithMail throwed mail(): Failed to connect to mailserver at &quot;localhost&quot; port 25, verify your &quot;SMTP&quot; and &quot;smtp_port&quot; setting in php.ini or use ini_set()
ERROR - 2022-01-28 06:56:02 --> Email: sendWithMail throwed mail(): Failed to connect to mailserver at &quot;localhost&quot; port 25, verify your &quot;SMTP&quot; and &quot;smtp_port&quot; setting in php.ini or use ini_set()
CRITICAL - 2022-01-28 08:16:00 --> A non well formed numeric value encountered
#0 C:\wamp64\www\datehunter777\app\Views\dashboard_view.php(37): CodeIgniter\Debug\Exceptions->errorHandler(8, 'A non well form...', 'C:\\wamp64\\www\\d...', 37, Array)
#1 C:\wamp64\www\datehunter777\system\View\View.php(210): include('C:\\wamp64\\www\\d...')
#2 C:\wamp64\www\datehunter777\system\View\View.php(213): CodeIgniter\View\View->CodeIgniter\View\{closure}()
#3 C:\wamp64\www\datehunter777\system\Common.php(1089): CodeIgniter\View\View->render('dashboard_view', Array, true)
#4 C:\wamp64\www\datehunter777\app\Controllers\Dashboard.php(61): view('dashboard_view', Array)
#5 C:\wamp64\www\datehunter777\system\CodeIgniter.php(825): App\Controllers\Dashboard->index()
#6 C:\wamp64\www\datehunter777\system\CodeIgniter.php(412): CodeIgniter\CodeIgniter->runController(Object(App\Controllers\Dashboard))
#7 C:\wamp64\www\datehunter777\system\CodeIgniter.php(320): CodeIgniter\CodeIgniter->handleRequest(NULL, Object(Config\Cache), false)
#8 C:\wamp64\www\datehunter777\public\index.php(37): CodeIgniter\CodeIgniter->run()
#9 {main}
CRITICAL - 2022-01-28 08:18:12 --> A non well formed numeric value encountered
#0 C:\wamp64\www\datehunter777\app\Views\dashboard_view.php(37): CodeIgniter\Debug\Exceptions->errorHandler(8, 'A non well form...', 'C:\\wamp64\\www\\d...', 37, Array)
#1 C:\wamp64\www\datehunter777\system\View\View.php(210): include('C:\\wamp64\\www\\d...')
#2 C:\wamp64\www\datehunter777\system\View\View.php(213): CodeIgniter\View\View->CodeIgniter\View\{closure}()
#3 C:\wamp64\www\datehunter777\system\Common.php(1089): CodeIgniter\View\View->render('dashboard_view', Array, true)
#4 C:\wamp64\www\datehunter777\app\Controllers\Dashboard.php(61): view('dashboard_view', Array)
#5 C:\wamp64\www\datehunter777\system\CodeIgniter.php(825): App\Controllers\Dashboard->index()
#6 C:\wamp64\www\datehunter777\system\CodeIgniter.php(412): CodeIgniter\CodeIgniter->runController(Object(App\Controllers\Dashboard))
#7 C:\wamp64\www\datehunter777\system\CodeIgniter.php(320): CodeIgniter\CodeIgniter->handleRequest(NULL, Object(Config\Cache), false)
#8 C:\wamp64\www\datehunter777\public\index.php(37): CodeIgniter\CodeIgniter->run()
#9 {main}
CRITICAL - 2022-01-28 08:20:27 --> A non-numeric value encountered
#0 C:\wamp64\www\datehunter777\app\Views\dashboard_view.php(37): CodeIgniter\Debug\Exceptions->errorHandler(2, 'A non-numeric v...', 'C:\\wamp64\\www\\d...', 37, Array)
#1 C:\wamp64\www\datehunter777\system\View\View.php(210): include('C:\\wamp64\\www\\d...')
#2 C:\wamp64\www\datehunter777\system\View\View.php(213): CodeIgniter\View\View->CodeIgniter\View\{closure}()
#3 C:\wamp64\www\datehunter777\system\Common.php(1089): CodeIgniter\View\View->render('dashboard_view', Array, true)
#4 C:\wamp64\www\datehunter777\app\Controllers\Dashboard.php(61): view('dashboard_view', Array)
#5 C:\wamp64\www\datehunter777\system\CodeIgniter.php(825): App\Controllers\Dashboard->index()
#6 C:\wamp64\www\datehunter777\system\CodeIgniter.php(412): CodeIgniter\CodeIgniter->runController(Object(App\Controllers\Dashboard))
#7 C:\wamp64\www\datehunter777\system\CodeIgniter.php(320): CodeIgniter\CodeIgniter->handleRequest(NULL, Object(Config\Cache), false)
#8 C:\wamp64\www\datehunter777\public\index.php(37): CodeIgniter\CodeIgniter->run()
#9 {main}
CRITICAL - 2022-01-28 08:20:49 --> A non-numeric value encountered
#0 C:\wamp64\www\datehunter777\app\Views\dashboard_view.php(37): CodeIgniter\Debug\Exceptions->errorHandler(2, 'A non-numeric v...', 'C:\\wamp64\\www\\d...', 37, Array)
#1 C:\wamp64\www\datehunter777\system\View\View.php(210): include('C:\\wamp64\\www\\d...')
#2 C:\wamp64\www\datehunter777\system\View\View.php(213): CodeIgniter\View\View->CodeIgniter\View\{closure}()
#3 C:\wamp64\www\datehunter777\system\Common.php(1089): CodeIgniter\View\View->render('dashboard_view', Array, true)
#4 C:\wamp64\www\datehunter777\app\Controllers\Dashboard.php(61): view('dashboard_view', Array)
#5 C:\wamp64\www\datehunter777\system\CodeIgniter.php(825): App\Controllers\Dashboard->index()
#6 C:\wamp64\www\datehunter777\system\CodeIgniter.php(412): CodeIgniter\CodeIgniter->runController(Object(App\Controllers\Dashboard))
#7 C:\wamp64\www\datehunter777\system\CodeIgniter.php(320): CodeIgniter\CodeIgniter->handleRequest(NULL, Object(Config\Cache), false)
#8 C:\wamp64\www\datehunter777\public\index.php(37): CodeIgniter\CodeIgniter->run()
#9 {main}
CRITICAL - 2022-01-28 08:21:29 --> Undefined variable: date
#0 C:\wamp64\www\datehunter777\app\Views\dashboard_view.php(37): CodeIgniter\Debug\Exceptions->errorHandler(8, 'Undefined varia...', 'C:\\wamp64\\www\\d...', 37, Array)
#1 C:\wamp64\www\datehunter777\system\View\View.php(210): include('C:\\wamp64\\www\\d...')
#2 C:\wamp64\www\datehunter777\system\View\View.php(213): CodeIgniter\View\View->CodeIgniter\View\{closure}()
#3 C:\wamp64\www\datehunter777\system\Common.php(1089): CodeIgniter\View\View->render('dashboard_view', Array, true)
#4 C:\wamp64\www\datehunter777\app\Controllers\Dashboard.php(61): view('dashboard_view', Array)
#5 C:\wamp64\www\datehunter777\system\CodeIgniter.php(825): App\Controllers\Dashboard->index()
#6 C:\wamp64\www\datehunter777\system\CodeIgniter.php(412): CodeIgniter\CodeIgniter->runController(Object(App\Controllers\Dashboard))
#7 C:\wamp64\www\datehunter777\system\CodeIgniter.php(320): CodeIgniter\CodeIgniter->handleRequest(NULL, Object(Config\Cache), false)
#8 C:\wamp64\www\datehunter777\public\index.php(37): CodeIgniter\CodeIgniter->run()
#9 {main}
CRITICAL - 2022-01-28 08:39:59 --> date_format() expects parameter 1 to be DateTimeInterface, bool given
#0 [internal function]: CodeIgniter\Debug\Exceptions->errorHandler(2, 'date_format() e...', 'C:\\wamp64\\www\\d...', 42, Array)
#1 C:\wamp64\www\datehunter777\app\Views\dashboard_view.php(42): date_format(false, 'd')
#2 C:\wamp64\www\datehunter777\system\View\View.php(210): include('C:\\wamp64\\www\\d...')
#3 C:\wamp64\www\datehunter777\system\View\View.php(213): CodeIgniter\View\View->CodeIgniter\View\{closure}()
#4 C:\wamp64\www\datehunter777\system\Common.php(1089): CodeIgniter\View\View->render('dashboard_view', Array, true)
#5 C:\wamp64\www\datehunter777\app\Controllers\Dashboard.php(61): view('dashboard_view', Array)
#6 C:\wamp64\www\datehunter777\system\CodeIgniter.php(825): App\Controllers\Dashboard->index()
#7 C:\wamp64\www\datehunter777\system\CodeIgniter.php(412): CodeIgniter\CodeIgniter->runController(Object(App\Controllers\Dashboard))
#8 C:\wamp64\www\datehunter777\system\CodeIgniter.php(320): CodeIgniter\CodeIgniter->handleRequest(NULL, Object(Config\Cache), false)
#9 C:\wamp64\www\datehunter777\public\index.php(37): CodeIgniter\CodeIgniter->run()
#10 {main}
CRITICAL - 2022-01-28 08:42:50 --> date_format() expects parameter 1 to be DateTimeInterface, bool given
#0 [internal function]: CodeIgniter\Debug\Exceptions->errorHandler(2, 'date_format() e...', 'C:\\wamp64\\www\\d...', 42, Array)
#1 C:\wamp64\www\datehunter777\app\Views\dashboard_view.php(42): date_format(false, 'd')
#2 C:\wamp64\www\datehunter777\system\View\View.php(210): include('C:\\wamp64\\www\\d...')
#3 C:\wamp64\www\datehunter777\system\View\View.php(213): CodeIgniter\View\View->CodeIgniter\View\{closure}()
#4 C:\wamp64\www\datehunter777\system\Common.php(1089): CodeIgniter\View\View->render('dashboard_view', Array, true)
#5 C:\wamp64\www\datehunter777\app\Controllers\Dashboard.php(61): view('dashboard_view', Array)
#6 C:\wamp64\www\datehunter777\system\CodeIgniter.php(825): App\Controllers\Dashboard->index()
#7 C:\wamp64\www\datehunter777\system\CodeIgniter.php(412): CodeIgniter\CodeIgniter->runController(Object(App\Controllers\Dashboard))
#8 C:\wamp64\www\datehunter777\system\CodeIgniter.php(320): CodeIgniter\CodeIgniter->handleRequest(NULL, Object(Config\Cache), false)
#9 C:\wamp64\www\datehunter777\public\index.php(37): CodeIgniter\CodeIgniter->run()
#10 {main}
