CRITICAL - 2022-01-11 17:52:59 --> Undefined index: _ci_previous_url
#0 C:\wamp64\www\datehunter777\app\Controllers\Login.php(11): CodeIgniter\Debug\Exceptions->errorHandler(8, 'Undefined index...', 'C:\\wamp64\\www\\d...', 11, Array)
#1 C:\wamp64\www\datehunter777\system\CodeIgniter.php(825): App\Controllers\Login->index()
#2 C:\wamp64\www\datehunter777\system\CodeIgniter.php(412): CodeIgniter\CodeIgniter->runController(Object(App\Controllers\Login))
#3 C:\wamp64\www\datehunter777\system\CodeIgniter.php(320): CodeIgniter\CodeIgniter->handleRequest(NULL, Object(Config\Cache), false)
#4 C:\wamp64\www\datehunter777\public\index.php(37): CodeIgniter\CodeIgniter->run()
#5 {main}
CRITICAL - 2022-01-11 19:14:07 --> There is no data to insert.
#0 C:\wamp64\www\datehunter777\system\BaseModel.php(718): CodeIgniter\Database\Exceptions\DataException::forEmptyDataset('insert')
#1 C:\wamp64\www\datehunter777\system\Model.php(625): CodeIgniter\BaseModel->insert(Array, true)
#2 C:\wamp64\www\datehunter777\app\Controllers\Dashboard.php(82): CodeIgniter\Model->insert(Array)
#3 C:\wamp64\www\datehunter777\system\CodeIgniter.php(825): App\Controllers\Dashboard->inserir()
#4 C:\wamp64\www\datehunter777\system\CodeIgniter.php(412): CodeIgniter\CodeIgniter->runController(Object(App\Controllers\Dashboard))
#5 C:\wamp64\www\datehunter777\system\CodeIgniter.php(320): CodeIgniter\CodeIgniter->handleRequest(NULL, Object(Config\Cache), false)
#6 C:\wamp64\www\datehunter777\public\index.php(37): CodeIgniter\CodeIgniter->run()
#7 {main}
CRITICAL - 2022-01-11 19:15:50 --> There is no data to insert.
#0 C:\wamp64\www\datehunter777\system\BaseModel.php(718): CodeIgniter\Database\Exceptions\DataException::forEmptyDataset('insert')
#1 C:\wamp64\www\datehunter777\system\Model.php(625): CodeIgniter\BaseModel->insert(Array, true)
#2 C:\wamp64\www\datehunter777\app\Controllers\Dashboard.php(82): CodeIgniter\Model->insert(Array)
#3 C:\wamp64\www\datehunter777\system\CodeIgniter.php(825): App\Controllers\Dashboard->inserir()
#4 C:\wamp64\www\datehunter777\system\CodeIgniter.php(412): CodeIgniter\CodeIgniter->runController(Object(App\Controllers\Dashboard))
#5 C:\wamp64\www\datehunter777\system\CodeIgniter.php(320): CodeIgniter\CodeIgniter->handleRequest(NULL, Object(Config\Cache), false)
#6 C:\wamp64\www\datehunter777\public\index.php(37): CodeIgniter\CodeIgniter->run()
#7 {main}
CRITICAL - 2022-01-11 19:19:05 --> There is no data to insert.
#0 C:\wamp64\www\datehunter777\system\BaseModel.php(718): CodeIgniter\Database\Exceptions\DataException::forEmptyDataset('insert')
#1 C:\wamp64\www\datehunter777\system\Model.php(625): CodeIgniter\BaseModel->insert(Array, true)
#2 C:\wamp64\www\datehunter777\app\Controllers\Dashboard.php(82): CodeIgniter\Model->insert(Array)
#3 C:\wamp64\www\datehunter777\system\CodeIgniter.php(825): App\Controllers\Dashboard->inserir()
#4 C:\wamp64\www\datehunter777\system\CodeIgniter.php(412): CodeIgniter\CodeIgniter->runController(Object(App\Controllers\Dashboard))
#5 C:\wamp64\www\datehunter777\system\CodeIgniter.php(320): CodeIgniter\CodeIgniter->handleRequest(NULL, Object(Config\Cache), false)
#6 C:\wamp64\www\datehunter777\public\index.php(37): CodeIgniter\CodeIgniter->run()
#7 {main}
CRITICAL - 2022-01-11 19:25:13 --> There is no data to insert.
#0 C:\wamp64\www\datehunter777\system\BaseModel.php(718): CodeIgniter\Database\Exceptions\DataException::forEmptyDataset('insert')
#1 C:\wamp64\www\datehunter777\system\Model.php(625): CodeIgniter\BaseModel->insert(Array, true)
#2 C:\wamp64\www\datehunter777\app\Controllers\Dashboard.php(82): CodeIgniter\Model->insert(Array)
#3 C:\wamp64\www\datehunter777\system\CodeIgniter.php(825): App\Controllers\Dashboard->inserir()
#4 C:\wamp64\www\datehunter777\system\CodeIgniter.php(412): CodeIgniter\CodeIgniter->runController(Object(App\Controllers\Dashboard))
#5 C:\wamp64\www\datehunter777\system\CodeIgniter.php(320): CodeIgniter\CodeIgniter->handleRequest(NULL, Object(Config\Cache), false)
#6 C:\wamp64\www\datehunter777\public\index.php(37): CodeIgniter\CodeIgniter->run()
#7 {main}
CRITICAL - 2022-01-11 19:26:10 --> There is no data to insert.
#0 C:\wamp64\www\datehunter777\system\BaseModel.php(718): CodeIgniter\Database\Exceptions\DataException::forEmptyDataset('insert')
#1 C:\wamp64\www\datehunter777\system\Model.php(625): CodeIgniter\BaseModel->insert(Array, true)
#2 C:\wamp64\www\datehunter777\app\Controllers\Dashboard.php(82): CodeIgniter\Model->insert(Array)
#3 C:\wamp64\www\datehunter777\system\CodeIgniter.php(825): App\Controllers\Dashboard->inserir()
#4 C:\wamp64\www\datehunter777\system\CodeIgniter.php(412): CodeIgniter\CodeIgniter->runController(Object(App\Controllers\Dashboard))
#5 C:\wamp64\www\datehunter777\system\CodeIgniter.php(320): CodeIgniter\CodeIgniter->handleRequest(NULL, Object(Config\Cache), false)
#6 C:\wamp64\www\datehunter777\public\index.php(37): CodeIgniter\CodeIgniter->run()
#7 {main}
CRITICAL - 2022-01-11 19:26:26 --> There is no data to insert.
#0 C:\wamp64\www\datehunter777\system\BaseModel.php(718): CodeIgniter\Database\Exceptions\DataException::forEmptyDataset('insert')
#1 C:\wamp64\www\datehunter777\system\Model.php(625): CodeIgniter\BaseModel->insert(Array, true)
#2 C:\wamp64\www\datehunter777\app\Controllers\Dashboard.php(82): CodeIgniter\Model->insert(Array)
#3 C:\wamp64\www\datehunter777\system\CodeIgniter.php(825): App\Controllers\Dashboard->inserir()
#4 C:\wamp64\www\datehunter777\system\CodeIgniter.php(412): CodeIgniter\CodeIgniter->runController(Object(App\Controllers\Dashboard))
#5 C:\wamp64\www\datehunter777\system\CodeIgniter.php(320): CodeIgniter\CodeIgniter->handleRequest(NULL, Object(Config\Cache), false)
#6 C:\wamp64\www\datehunter777\public\index.php(37): CodeIgniter\CodeIgniter->run()
#7 {main}
