ERROR - 2022-04-11 06:33:07 --> Error connecting to the database: Unknown database 'db_datehunter'
CRITICAL - 2022-04-11 06:33:07 --> Unable to connect to the database.
Main connection [MySQLi]: Unknown database 'db_datehunter'
#0 C:\wamp64\www\datehunter777\system\Database\BaseConnection.php(577): CodeIgniter\Database\BaseConnection->initialize()
#1 C:\wamp64\www\datehunter777\app\Controllers\Home.php(19): CodeIgniter\Database\BaseConnection->query('SELECT * FROM t...')
#2 C:\wamp64\www\datehunter777\system\CodeIgniter.php(825): App\Controllers\Home->index()
#3 C:\wamp64\www\datehunter777\system\CodeIgniter.php(412): CodeIgniter\CodeIgniter->runController(Object(App\Controllers\Home))
#4 C:\wamp64\www\datehunter777\system\CodeIgniter.php(320): CodeIgniter\CodeIgniter->handleRequest(NULL, Object(Config\Cache), false)
#5 C:\wamp64\www\datehunter777\public\index.php(37): CodeIgniter\CodeIgniter->run()
#6 {main}
ERROR - 2022-04-11 06:53:30 --> Email: sendWithMail throwed mail(): Failed to connect to mailserver at &quot;localhost&quot; port 25, verify your &quot;SMTP&quot; and &quot;smtp_port&quot; setting in php.ini or use ini_set()
ERROR - 2022-04-11 07:11:18 --> Email: sendWithMail throwed mail(): Failed to connect to mailserver at &quot;localhost&quot; port 25, verify your &quot;SMTP&quot; and &quot;smtp_port&quot; setting in php.ini or use ini_set()
ERROR - 2022-04-11 07:11:27 --> Email: sendWithMail throwed mail(): Failed to connect to mailserver at &quot;localhost&quot; port 25, verify your &quot;SMTP&quot; and &quot;smtp_port&quot; setting in php.ini or use ini_set()
ERROR - 2022-04-11 07:12:55 --> Email: sendWithMail throwed mail(): Failed to connect to mailserver at &quot;localhost&quot; port 25, verify your &quot;SMTP&quot; and &quot;smtp_port&quot; setting in php.ini or use ini_set()
ERROR - 2022-04-11 07:16:01 --> Email: sendWithMail throwed mail(): Failed to connect to mailserver at &quot;localhost&quot; port 25, verify your &quot;SMTP&quot; and &quot;smtp_port&quot; setting in php.ini or use ini_set()
ERROR - 2022-04-11 07:16:07 --> Email: sendWithMail throwed mail(): Failed to connect to mailserver at &quot;localhost&quot; port 25, verify your &quot;SMTP&quot; and &quot;smtp_port&quot; setting in php.ini or use ini_set()
ERROR - 2022-04-11 07:21:38 --> Email: sendWithMail throwed mail(): Failed to connect to mailserver at &quot;localhost&quot; port 25, verify your &quot;SMTP&quot; and &quot;smtp_port&quot; setting in php.ini or use ini_set()
ERROR - 2022-04-11 07:21:49 --> Email: sendWithMail throwed mail(): Failed to connect to mailserver at &quot;localhost&quot; port 25, verify your &quot;SMTP&quot; and &quot;smtp_port&quot; setting in php.ini or use ini_set()
ERROR - 2022-04-11 07:30:04 --> Email: sendWithMail throwed mail(): Failed to connect to mailserver at &quot;localhost&quot; port 25, verify your &quot;SMTP&quot; and &quot;smtp_port&quot; setting in php.ini or use ini_set()
ERROR - 2022-04-11 07:31:08 --> Email: sendWithMail throwed mail(): Failed to connect to mailserver at &quot;localhost&quot; port 25, verify your &quot;SMTP&quot; and &quot;smtp_port&quot; setting in php.ini or use ini_set()
ERROR - 2022-04-11 07:32:20 --> Email: sendWithMail throwed mail(): Failed to connect to mailserver at &quot;localhost&quot; port 25, verify your &quot;SMTP&quot; and &quot;smtp_port&quot; setting in php.ini or use ini_set()
ERROR - 2022-04-11 07:34:30 --> Email: sendWithMail throwed mail(): Failed to connect to mailserver at &quot;localhost&quot; port 25, verify your &quot;SMTP&quot; and &quot;smtp_port&quot; setting in php.ini or use ini_set()
ERROR - 2022-04-11 07:37:34 --> Email: sendWithMail throwed mail(): Failed to connect to mailserver at &quot;localhost&quot; port 25, verify your &quot;SMTP&quot; and &quot;smtp_port&quot; setting in php.ini or use ini_set()
ERROR - 2022-04-11 07:38:02 --> Email: sendWithMail throwed mail(): Failed to connect to mailserver at &quot;localhost&quot; port 25, verify your &quot;SMTP&quot; and &quot;smtp_port&quot; setting in php.ini or use ini_set()
ERROR - 2022-04-11 07:38:09 --> Email: sendWithMail throwed mail(): Failed to connect to mailserver at &quot;localhost&quot; port 25, verify your &quot;SMTP&quot; and &quot;smtp_port&quot; setting in php.ini or use ini_set()
ERROR - 2022-04-11 07:50:15 --> Email: sendWithMail throwed mail(): Failed to connect to mailserver at &quot;localhost&quot; port 25, verify your &quot;SMTP&quot; and &quot;smtp_port&quot; setting in php.ini or use ini_set()
ERROR - 2022-04-11 07:50:46 --> Email: sendWithMail throwed mail(): Failed to connect to mailserver at &quot;localhost&quot; port 25, verify your &quot;SMTP&quot; and &quot;smtp_port&quot; setting in php.ini or use ini_set()
ERROR - 2022-04-11 07:51:23 --> Email: sendWithMail throwed mail(): Failed to connect to mailserver at &quot;localhost&quot; port 25, verify your &quot;SMTP&quot; and &quot;smtp_port&quot; setting in php.ini or use ini_set()
ERROR - 2022-04-11 07:51:53 --> Email: sendWithMail throwed mail(): Failed to connect to mailserver at &quot;localhost&quot; port 25, verify your &quot;SMTP&quot; and &quot;smtp_port&quot; setting in php.ini or use ini_set()
ERROR - 2022-04-11 07:52:02 --> Email: sendWithMail throwed mail(): Failed to connect to mailserver at &quot;localhost&quot; port 25, verify your &quot;SMTP&quot; and &quot;smtp_port&quot; setting in php.ini or use ini_set()
